This is pdfTeX, Version 3.14159265-2.6-1.40.16 (TeX Live 2015/Debian) (preloaded format=pdflatex 2016.3.2)  9 MAY 2016 16:39
entering extended mode
 restricted \write18 enabled.
 %&-line parsing enabled.
**thesis.tex
(/home/athul/machineLearning/neuralData/reports/thesis/thesis.tex
LaTeX2e <2015/01/01>
Babel <3.9l> and hyphenation patterns for 2 languages loaded.
(/home/athul/machineLearning/neuralData/reports/thesis/iitmdiss.cls
Document Class: iitmdiss 2005/03/09 Class for IIT-Madras Dissertations
(/usr/share/texlive/texmf-dist/tex/latex/base/report.cls
Document Class: report 2014/09/29 v1.4h Standard LaTeX document class
(/usr/share/texlive/texmf-dist/tex/latex/base/size12.clo
File: size12.clo 2014/09/29 v1.4h Standard LaTeX file (size option)
)
\c@part=\count79
\c@chapter=\count80
\c@section=\count81
\c@subsection=\count82
\c@subsubsection=\count83
\c@paragraph=\count84
\c@subparagraph=\count85
\c@figure=\count86
\c@table=\count87
\abovecaptionskip=\skip41
\belowcaptionskip=\skip42
\bibindent=\dimen102
)
(/usr/share/texlive/texmf-dist/tex/latex/geometry/geometry.sty
Package: geometry 2010/09/12 v5.6 Page Geometry

(/usr/share/texlive/texmf-dist/tex/latex/graphics/keyval.sty
Package: keyval 2014/10/28 v1.15 key=value parser (DPC)
\KV@toks@=\toks14
)
(/usr/share/texlive/texmf-dist/tex/generic/oberdiek/ifpdf.sty
Package: ifpdf 2011/01/30 v2.3 Provides the ifpdf switch (HO)
Package ifpdf Info: pdfTeX in PDF mode is detected.
)
(/usr/share/texlive/texmf-dist/tex/generic/oberdiek/ifvtex.sty
Package: ifvtex 2010/03/01 v1.5 Detect VTeX and its facilities (HO)
Package ifvtex Info: VTeX not detected.
)
(/usr/share/texlive/texmf-dist/tex/generic/ifxetex/ifxetex.sty
Package: ifxetex 2010/09/12 v0.6 Provides ifxetex conditional
)
\Gm@cnth=\count88
\Gm@cntv=\count89
\c@Gm@tempcnt=\count90
\Gm@bindingoffset=\dimen103
\Gm@wd@mp=\dimen104
\Gm@odd@mp=\dimen105
\Gm@even@mp=\dimen106
\Gm@layoutwidth=\dimen107
\Gm@layoutheight=\dimen108
\Gm@layouthoffset=\dimen109
\Gm@layoutvoffset=\dimen110
\Gm@dimlist=\toks15


Package geometry Warning: Over-specification in `h'-direction.
    `width' (438.74144pt) is ignored.


Package geometry Warning: Over-specification in `v'-direction.
    `height' (654.41338pt) is ignored.

) (/home/athul/machineLearning/neuralData/reports/thesis/setspace.sty
Package: setspace 2000/12/01 6.7 Contributed and Supported LaTeX2e package

Package: `setspace' 6.7 <2000/12/01>
) (/home/athul/machineLearning/neuralData/reports/thesis/atbeginend.sty)
(/usr/share/texlive/texmf-dist/tex/latex/caption/caption.sty
Package: caption 2013/05/02 v3.3-89 Customizing captions (AR)

(/usr/share/texlive/texmf-dist/tex/latex/caption/caption3.sty
Package: caption3 2013/05/02 v1.6-88 caption3 kernel (AR)
Package caption3 Info: TeX engine: e-TeX on input line 57.
\captionmargin=\dimen111
\captionmargin@=\dimen112
\captionwidth=\dimen113
\caption@tempdima=\dimen114
\caption@indent=\dimen115
\caption@parindent=\dimen116
\caption@hangindent=\dimen117
)
\c@ContinuedFloat=\count91
)
(/usr/share/texlive/texmf-dist/tex/latex/graphics/graphicx.sty
Package: graphicx 2014/10/28 v1.0g Enhanced LaTeX Graphics (DPC,SPQR)

(/usr/share/texlive/texmf-dist/tex/latex/graphics/graphics.sty
Package: graphics 2014/10/28 v1.0p Standard LaTeX Graphics (DPC,SPQR)

(/usr/share/texlive/texmf-dist/tex/latex/graphics/trig.sty
Package: trig 1999/03/16 v1.09 sin cos tan (DPC)
)
(/usr/share/texlive/texmf-dist/tex/latex/latexconfig/graphics.cfg
File: graphics.cfg 2010/04/23 v1.9 graphics configuration of TeX Live
)
Package graphics Info: Driver file: pdftex.def on input line 94.

(/usr/share/texlive/texmf-dist/tex/latex/pdftex-def/pdftex.def
File: pdftex.def 2011/05/27 v0.06d Graphics/color for pdfTeX

(/usr/share/texlive/texmf-dist/tex/generic/oberdiek/infwarerr.sty
Package: infwarerr 2010/04/08 v1.3 Providing info/warning/error messages (HO)
)
(/usr/share/texlive/texmf-dist/tex/generic/oberdiek/ltxcmds.sty
Package: ltxcmds 2011/11/09 v1.22 LaTeX kernel commands for general use (HO)
)
\Gread@gobject=\count92
))
\Gin@req@height=\dimen118
\Gin@req@width=\dimen119
))
(/usr/share/texlive/texmf-dist/tex/latex/psnfss/times.sty
Package: times 2005/04/12 PSNFSS-v9.2a (SPQR) 
)
(/usr/share/texlive/texmf-dist/tex/generic/epsf/epsf.sty
This is `epsf.tex' v2.7.4 <14 February 2011>
\epsffilein=\read1
\epsfframemargin=\dimen120
\epsfframethickness=\dimen121
\epsfrsize=\dimen122
\epsftmp=\dimen123
\epsftsize=\dimen124
\epsfxsize=\dimen125
\epsfysize=\dimen126
\pspoints=\dimen127
) (/usr/share/texlive/texmf-dist/tex/latex/threeparttable/threeparttable.sty
Package: threeparttable 2003/06/13  v 3.0
\@tempboxb=\box26
)
(/usr/share/texlive/texmf-dist/tex/latex/amsmath/amsmath.sty
Package: amsmath 2013/01/14 v2.14 AMS math features
\@mathmargin=\skip43

For additional information on amsmath, use the `?' option.
(/usr/share/texlive/texmf-dist/tex/latex/amsmath/amstext.sty
Package: amstext 2000/06/29 v2.01

(/usr/share/texlive/texmf-dist/tex/latex/amsmath/amsgen.sty
File: amsgen.sty 1999/11/30 v2.0
\@emptytoks=\toks16
\ex@=\dimen128
))
(/usr/share/texlive/texmf-dist/tex/latex/amsmath/amsbsy.sty
Package: amsbsy 1999/11/29 v1.2d
\pmbraise@=\dimen129
)
(/usr/share/texlive/texmf-dist/tex/latex/amsmath/amsopn.sty
Package: amsopn 1999/12/14 v2.01 operator names
)
\inf@bad=\count93
LaTeX Info: Redefining \frac on input line 210.
\uproot@=\count94
\leftroot@=\count95
LaTeX Info: Redefining \overline on input line 306.
\classnum@=\count96
\DOTSCASE@=\count97
LaTeX Info: Redefining \ldots on input line 378.
LaTeX Info: Redefining \dots on input line 381.
LaTeX Info: Redefining \cdots on input line 466.
\Mathstrutbox@=\box27
\strutbox@=\box28
\big@size=\dimen130
LaTeX Font Info:    Redeclaring font encoding OML on input line 566.
LaTeX Font Info:    Redeclaring font encoding OMS on input line 567.
\macc@depth=\count98
\c@MaxMatrixCols=\count99
\dotsspace@=\muskip10
\c@parentequation=\count100
\dspbrk@lvl=\count101
\tag@help=\toks17
\row@=\count102
\column@=\count103
\maxfields@=\count104
\andhelp@=\toks18
\eqnshift@=\dimen131
\alignsep@=\dimen132
\tagshift@=\dimen133
\tagwidth@=\dimen134
\totwidth@=\dimen135
\lineht@=\dimen136
\@envbody=\toks19
\multlinegap=\skip44
\multlinetaggap=\skip45
\mathdisplay@stack=\toks20
LaTeX Info: Redefining \[ on input line 2665.
LaTeX Info: Redefining \] on input line 2666.
)
(/usr/share/texlive/texmf-dist/tex/latex/was/gensymb.sty
Package: gensymb 2003/07/02 v1.0 (WaS)
)
(/usr/share/texlive/texmf-dist/tex/latex/amscls/amsthm.sty
Package: amsthm 2015/03/04 v2.20.2
\thm@style=\toks21
\thm@bodyfont=\toks22
\thm@headfont=\toks23
\thm@notefont=\toks24
\thm@headpunct=\toks25
\thm@preskip=\skip46
\thm@postskip=\skip47
\thm@headsep=\skip48
\dth@everypar=\toks26
)
(/usr/share/texlive/texmf-dist/tex/latex/txfonts/txfonts.sty
Package: txfonts 2008/01/22 v3.2.1
LaTeX Font Info:    Redeclaring symbol font `operators' on input line 21.
LaTeX Font Info:    Overwriting symbol font `operators' in version `normal'
(Font)                  OT1/cmr/m/n --> OT1/txr/m/n on input line 21.
LaTeX Font Info:    Overwriting symbol font `operators' in version `bold'
(Font)                  OT1/cmr/bx/n --> OT1/txr/m/n on input line 21.
LaTeX Font Info:    Overwriting symbol font `operators' in version `bold'
(Font)                  OT1/txr/m/n --> OT1/txr/bx/n on input line 22.
\symitalic=\mathgroup4
LaTeX Font Info:    Overwriting symbol font `italic' in version `bold'
(Font)                  OT1/txr/m/it --> OT1/txr/bx/it on input line 26.
LaTeX Font Info:    Redeclaring math alphabet \mathbf on input line 29.
LaTeX Font Info:    Overwriting math alphabet `\mathbf' in version `normal'
(Font)                  OT1/cmr/bx/n --> OT1/txr/bx/n on input line 29.
LaTeX Font Info:    Overwriting math alphabet `\mathbf' in version `bold'
(Font)                  OT1/cmr/bx/n --> OT1/txr/bx/n on input line 29.
LaTeX Font Info:    Redeclaring math alphabet \mathit on input line 30.
LaTeX Font Info:    Overwriting math alphabet `\mathit' in version `normal'
(Font)                  OT1/cmr/m/it --> OT1/txr/m/it on input line 30.
LaTeX Font Info:    Overwriting math alphabet `\mathit' in version `bold'
(Font)                  OT1/cmr/bx/it --> OT1/txr/m/it on input line 30.
LaTeX Font Info:    Overwriting math alphabet `\mathit' in version `bold'
(Font)                  OT1/txr/m/it --> OT1/txr/bx/it on input line 31.
LaTeX Font Info:    Redeclaring math alphabet \mathsf on input line 40.
LaTeX Font Info:    Overwriting math alphabet `\mathsf' in version `normal'
(Font)                  OT1/cmss/m/n --> OT1/txss/m/n on input line 40.
LaTeX Font Info:    Overwriting math alphabet `\mathsf' in version `bold'
(Font)                  OT1/cmss/bx/n --> OT1/txss/m/n on input line 40.
LaTeX Font Info:    Overwriting math alphabet `\mathsf' in version `bold'
(Font)                  OT1/txss/m/n --> OT1/txss/b/n on input line 41.
LaTeX Font Info:    Redeclaring math alphabet \mathtt on input line 50.
LaTeX Font Info:    Overwriting math alphabet `\mathtt' in version `normal'
(Font)                  OT1/cmtt/m/n --> OT1/txtt/m/n on input line 50.
LaTeX Font Info:    Overwriting math alphabet `\mathtt' in version `bold'
(Font)                  OT1/cmtt/m/n --> OT1/txtt/m/n on input line 50.
LaTeX Font Info:    Overwriting math alphabet `\mathtt' in version `bold'
(Font)                  OT1/txtt/m/n --> OT1/txtt/b/n on input line 51.
LaTeX Font Info:    Redeclaring symbol font `letters' on input line 58.
LaTeX Font Info:    Overwriting symbol font `letters' in version `normal'
(Font)                  OML/cmm/m/it --> OML/txmi/m/it on input line 58.
LaTeX Font Info:    Overwriting symbol font `letters' in version `bold'
(Font)                  OML/cmm/b/it --> OML/txmi/m/it on input line 58.
LaTeX Font Info:    Overwriting symbol font `letters' in version `bold'
(Font)                  OML/txmi/m/it --> OML/txmi/bx/it on input line 59.
\symlettersA=\mathgroup5
LaTeX Font Info:    Overwriting symbol font `lettersA' in version `bold'
(Font)                  U/txmia/m/it --> U/txmia/bx/it on input line 67.
LaTeX Font Info:    Redeclaring symbol font `symbols' on input line 77.
LaTeX Font Info:    Overwriting symbol font `symbols' in version `normal'
(Font)                  OMS/cmsy/m/n --> OMS/txsy/m/n on input line 77.
LaTeX Font Info:    Overwriting symbol font `symbols' in version `bold'
(Font)                  OMS/cmsy/b/n --> OMS/txsy/m/n on input line 77.
LaTeX Font Info:    Overwriting symbol font `symbols' in version `bold'
(Font)                  OMS/txsy/m/n --> OMS/txsy/bx/n on input line 78.
\symAMSa=\mathgroup6
LaTeX Font Info:    Overwriting symbol font `AMSa' in version `bold'
(Font)                  U/txsya/m/n --> U/txsya/bx/n on input line 94.
\symAMSb=\mathgroup7
LaTeX Font Info:    Overwriting symbol font `AMSb' in version `bold'
(Font)                  U/txsyb/m/n --> U/txsyb/bx/n on input line 103.
\symsymbolsC=\mathgroup8
LaTeX Font Info:    Overwriting symbol font `symbolsC' in version `bold'
(Font)                  U/txsyc/m/n --> U/txsyc/bx/n on input line 113.
LaTeX Font Info:    Redeclaring symbol font `largesymbols' on input line 120.
LaTeX Font Info:    Overwriting symbol font `largesymbols' in version `normal'
(Font)                  OMX/cmex/m/n --> OMX/txex/m/n on input line 120.
LaTeX Font Info:    Overwriting symbol font `largesymbols' in version `bold'
(Font)                  OMX/cmex/m/n --> OMX/txex/m/n on input line 120.
LaTeX Font Info:    Overwriting symbol font `largesymbols' in version `bold'
(Font)                  OMX/txex/m/n --> OMX/txex/bx/n on input line 121.
\symlargesymbolsA=\mathgroup9
LaTeX Font Info:    Overwriting symbol font `largesymbolsA' in version `bold'
(Font)                  U/txexa/m/n --> U/txexa/bx/n on input line 129.
LaTeX Info: Redefining \not on input line 1043.
LaTeX Info: Redefining \textsquare on input line 1063.
LaTeX Info: Redefining \openbox on input line 1064.
)
(/usr/share/texlive/texmf-dist/tex/latex/pxfonts/pxfonts.sty
Package: pxfonts 2008/01/22 v1.1.1
LaTeX Font Info:    Redeclaring symbol font `operators' on input line 21.
LaTeX Font Info:    Overwriting symbol font `operators' in version `normal'
(Font)                  OT1/txr/m/n --> OT1/pxr/m/n on input line 21.
LaTeX Font Info:    Overwriting symbol font `operators' in version `bold'
(Font)                  OT1/txr/bx/n --> OT1/pxr/m/n on input line 21.
LaTeX Font Info:    Overwriting symbol font `operators' in version `bold'
(Font)                  OT1/pxr/m/n --> OT1/pxr/bx/n on input line 22.
LaTeX Font Info:    Redeclaring symbol font `italic' on input line 25.
LaTeX Font Info:    Overwriting symbol font `italic' in version `normal'
(Font)                  OT1/txr/m/it --> OT1/pxr/m/it on input line 25.
LaTeX Font Info:    Overwriting symbol font `italic' in version `bold'
(Font)                  OT1/txr/bx/it --> OT1/pxr/m/it on input line 25.
LaTeX Font Info:    Overwriting symbol font `italic' in version `bold'
(Font)                  OT1/pxr/m/it --> OT1/pxr/bx/it on input line 26.
LaTeX Font Info:    Redeclaring math alphabet \mathbf on input line 29.
LaTeX Font Info:    Overwriting math alphabet `\mathbf' in version `normal'
(Font)                  OT1/txr/bx/n --> OT1/pxr/bx/n on input line 29.
LaTeX Font Info:    Overwriting math alphabet `\mathbf' in version `bold'
(Font)                  OT1/txr/bx/n --> OT1/pxr/bx/n on input line 29.
LaTeX Font Info:    Redeclaring math alphabet \mathit on input line 30.
LaTeX Font Info:    Overwriting math alphabet `\mathit' in version `normal'
(Font)                  OT1/txr/m/it --> OT1/pxr/m/it on input line 30.
LaTeX Font Info:    Overwriting math alphabet `\mathit' in version `bold'
(Font)                  OT1/txr/bx/it --> OT1/pxr/m/it on input line 30.
LaTeX Font Info:    Overwriting math alphabet `\mathit' in version `bold'
(Font)                  OT1/pxr/m/it --> OT1/pxr/bx/it on input line 31.
LaTeX Font Info:    Redeclaring math alphabet \mathsf on input line 40.
LaTeX Font Info:    Overwriting math alphabet `\mathsf' in version `normal'
(Font)                  OT1/txss/m/n --> OT1/pxss/m/n on input line 40.
LaTeX Font Info:    Overwriting math alphabet `\mathsf' in version `bold'
(Font)                  OT1/txss/b/n --> OT1/pxss/m/n on input line 40.
LaTeX Font Info:    Overwriting math alphabet `\mathsf' in version `bold'
(Font)                  OT1/pxss/m/n --> OT1/pxss/b/n on input line 41.
LaTeX Font Info:    Redeclaring math alphabet \mathtt on input line 50.
LaTeX Font Info:    Overwriting math alphabet `\mathtt' in version `normal'
(Font)                  OT1/txtt/m/n --> OT1/pxtt/m/n on input line 50.
LaTeX Font Info:    Overwriting math alphabet `\mathtt' in version `bold'
(Font)                  OT1/txtt/b/n --> OT1/pxtt/m/n on input line 50.
LaTeX Font Info:    Overwriting math alphabet `\mathtt' in version `bold'
(Font)                  OT1/pxtt/m/n --> OT1/pxtt/b/n on input line 51.
LaTeX Font Info:    Redeclaring symbol font `letters' on input line 58.
LaTeX Font Info:    Overwriting symbol font `letters' in version `normal'
(Font)                  OML/txmi/m/it --> OML/pxmi/m/it on input line 58.
LaTeX Font Info:    Overwriting symbol font `letters' in version `bold'
(Font)                  OML/txmi/bx/it --> OML/pxmi/m/it on input line 58.
LaTeX Font Info:    Overwriting symbol font `letters' in version `bold'
(Font)                  OML/pxmi/m/it --> OML/pxmi/bx/it on input line 59.
LaTeX Font Info:    Redeclaring symbol font `lettersA' on input line 66.
LaTeX Font Info:    Overwriting symbol font `lettersA' in version `normal'
(Font)                  U/txmia/m/it --> U/pxmia/m/it on input line 66.
LaTeX Font Info:    Overwriting symbol font `lettersA' in version `bold'
(Font)                  U/txmia/bx/it --> U/pxmia/m/it on input line 66.
LaTeX Font Info:    Overwriting symbol font `lettersA' in version `bold'
(Font)                  U/pxmia/m/it --> U/pxmia/bx/it on input line 67.
LaTeX Font Info:    Redeclaring symbol font `symbols' on input line 77.
LaTeX Font Info:    Overwriting symbol font `symbols' in version `normal'
(Font)                  OMS/txsy/m/n --> OMS/pxsy/m/n on input line 77.
LaTeX Font Info:    Overwriting symbol font `symbols' in version `bold'
(Font)                  OMS/txsy/bx/n --> OMS/pxsy/m/n on input line 77.
LaTeX Font Info:    Overwriting symbol font `symbols' in version `bold'
(Font)                  OMS/pxsy/m/n --> OMS/pxsy/bx/n on input line 78.
LaTeX Font Info:    Redeclaring symbol font `AMSa' on input line 93.
LaTeX Font Info:    Overwriting symbol font `AMSa' in version `normal'
(Font)                  U/txsya/m/n --> U/pxsya/m/n on input line 93.
LaTeX Font Info:    Overwriting symbol font `AMSa' in version `bold'
(Font)                  U/txsya/bx/n --> U/pxsya/m/n on input line 93.
LaTeX Font Info:    Overwriting symbol font `AMSa' in version `bold'
(Font)                  U/pxsya/m/n --> U/pxsya/bx/n on input line 94.
LaTeX Font Info:    Redeclaring symbol font `AMSb' on input line 102.
LaTeX Font Info:    Overwriting symbol font `AMSb' in version `normal'
(Font)                  U/txsyb/m/n --> U/pxsyb/m/n on input line 102.
LaTeX Font Info:    Overwriting symbol font `AMSb' in version `bold'
(Font)                  U/txsyb/bx/n --> U/pxsyb/m/n on input line 102.
LaTeX Font Info:    Overwriting symbol font `AMSb' in version `bold'
(Font)                  U/pxsyb/m/n --> U/pxsyb/bx/n on input line 103.
LaTeX Font Info:    Redeclaring symbol font `symbolsC' on input line 112.
LaTeX Font Info:    Overwriting symbol font `symbolsC' in version `normal'
(Font)                  U/txsyc/m/n --> U/pxsyc/m/n on input line 112.
LaTeX Font Info:    Overwriting symbol font `symbolsC' in version `bold'
(Font)                  U/txsyc/bx/n --> U/pxsyc/m/n on input line 112.
LaTeX Font Info:    Overwriting symbol font `symbolsC' in version `bold'
(Font)                  U/pxsyc/m/n --> U/pxsyc/bx/n on input line 113.
LaTeX Font Info:    Redeclaring symbol font `largesymbols' on input line 120.
LaTeX Font Info:    Overwriting symbol font `largesymbols' in version `normal'
(Font)                  OMX/txex/m/n --> OMX/pxex/m/n on input line 120.
LaTeX Font Info:    Overwriting symbol font `largesymbols' in version `bold'
(Font)                  OMX/txex/bx/n --> OMX/pxex/m/n on input line 120.
LaTeX Font Info:    Overwriting symbol font `largesymbols' in version `bold'
(Font)                  OMX/pxex/m/n --> OMX/pxex/bx/n on input line 121.
LaTeX Font Info:    Redeclaring symbol font `largesymbolsA' on input line 128.
LaTeX Font Info:    Overwriting symbol font `largesymbolsA' in version `normal'

(Font)                  U/txexa/m/n --> U/pxexa/m/n on input line 128.
LaTeX Font Info:    Overwriting symbol font `largesymbolsA' in version `bold'
(Font)                  U/txexa/bx/n --> U/pxexa/m/n on input line 128.
LaTeX Font Info:    Overwriting symbol font `largesymbolsA' in version `bold'
(Font)                  U/pxexa/m/n --> U/pxexa/bx/n on input line 129.
LaTeX Font Info:    Redeclaring math symbol \n@tch@r on input line 995.
LaTeX Info: Redefining \not on input line 997.
LaTeX Info: Redefining \textsquare on input line 1017.
LaTeX Info: Redefining \openbox on input line 1018.
)
(/usr/share/texlive/texmf-dist/tex/latex/amsfonts/amsfonts.sty
Package: amsfonts 2013/01/14 v3.01 Basic AMSFonts support
LaTeX Font Info:    Redeclaring symbol font `AMSa' on input line 59.
LaTeX Font Info:    Overwriting symbol font `AMSa' in version `normal'
(Font)                  U/pxsya/m/n --> U/msa/m/n on input line 59.
LaTeX Font Info:    Overwriting symbol font `AMSa' in version `bold'
(Font)                  U/pxsya/bx/n --> U/msa/m/n on input line 59.
LaTeX Font Info:    Redeclaring symbol font `AMSb' on input line 60.
LaTeX Font Info:    Overwriting symbol font `AMSb' in version `normal'
(Font)                  U/pxsyb/m/n --> U/msb/m/n on input line 60.
LaTeX Font Info:    Overwriting symbol font `AMSb' in version `bold'
(Font)                  U/pxsyb/bx/n --> U/msb/m/n on input line 60.
LaTeX Font Info:    Redeclaring math delimiter \ulcorner on input line 74.
LaTeX Font Info:    Redeclaring math delimiter \urcorner on input line 75.
LaTeX Font Info:    Redeclaring math delimiter \llcorner on input line 76.
LaTeX Font Info:    Redeclaring math delimiter \lrcorner on input line 77.
LaTeX Font Info:    Redeclaring math symbol \square on input line 141.
LaTeX Font Info:    Redeclaring math symbol \lozenge on input line 142.
)
(/usr/share/texlive/texmf-dist/tex/latex/graphics/epsfig.sty
Package: epsfig 1999/02/16 v1.7a (e)psfig emulation (SPQR)
\epsfxsize=\dimen137
\epsfysize=\dimen138
)
(/usr/share/texlive/texmf-dist/tex/latex/caption/subcaption.sty
Package: subcaption 2013/02/03 v1.1-62 Sub-captions (AR)
\c@subfigure=\count105
\c@subtable=\count106
)
(/usr/share/texlive/texmf-dist/tex/latex/natbib/natbib.sty
Package: natbib 2010/09/13 8.31b (PWD, AO)
\bibhang=\skip49
\bibsep=\skip50
LaTeX Info: Redefining \cite on input line 694.
\c@NAT@ctr=\count107
)
(/usr/share/texlive/texmf-dist/tex/latex/hyperref/hyperref.sty
Package: hyperref 2012/11/06 v6.83m Hypertext links for LaTeX

(/usr/share/texlive/texmf-dist/tex/generic/oberdiek/hobsub-hyperref.sty
Package: hobsub-hyperref 2012/05/28 v1.13 Bundle oberdiek, subset hyperref (HO)


(/usr/share/texlive/texmf-dist/tex/generic/oberdiek/hobsub-generic.sty
Package: hobsub-generic 2012/05/28 v1.13 Bundle oberdiek, subset generic (HO)
Package: hobsub 2012/05/28 v1.13 Construct package bundles (HO)
Package hobsub Info: Skipping package `infwarerr' (already loaded).
Package hobsub Info: Skipping package `ltxcmds' (already loaded).
Package: ifluatex 2010/03/01 v1.3 Provides the ifluatex switch (HO)
Package ifluatex Info: LuaTeX not detected.
Package hobsub Info: Skipping package `ifvtex' (already loaded).
Package: intcalc 2007/09/27 v1.1 Expandable calculations with integers (HO)
Package hobsub Info: Skipping package `ifpdf' (already loaded).
Package: etexcmds 2011/02/16 v1.5 Avoid name clashes with e-TeX commands (HO)
Package etexcmds Info: Could not find \expanded.
(etexcmds)             That can mean that you are not using pdfTeX 1.50 or
(etexcmds)             that some package has redefined \expanded.
(etexcmds)             In the latter case, load this package earlier.
Package: kvsetkeys 2012/04/25 v1.16 Key value parser (HO)
Package: kvdefinekeys 2011/04/07 v1.3 Define keys (HO)
Package: pdftexcmds 2011/11/29 v0.20 Utility functions of pdfTeX for LuaTeX (HO
)
Package pdftexcmds Info: LuaTeX not detected.
Package pdftexcmds Info: \pdf@primitive is available.
Package pdftexcmds Info: \pdf@ifprimitive is available.
Package pdftexcmds Info: \pdfdraftmode found.
Package: pdfescape 2011/11/25 v1.13 Implements pdfTeX's escape features (HO)
Package: bigintcalc 2012/04/08 v1.3 Expandable calculations on big integers (HO
)
Package: bitset 2011/01/30 v1.1 Handle bit-vector datatype (HO)
Package: uniquecounter 2011/01/30 v1.2 Provide unlimited unique counter (HO)
)
Package hobsub Info: Skipping package `hobsub' (already loaded).
Package: letltxmacro 2010/09/02 v1.4 Let assignment for LaTeX macros (HO)
Package: hopatch 2012/05/28 v1.2 Wrapper for package hooks (HO)
Package: xcolor-patch 2011/01/30 xcolor patch
Package: atveryend 2011/06/30 v1.8 Hooks at the very end of document (HO)
Package atveryend Info: \enddocument detected (standard20110627).
Package: atbegshi 2011/10/05 v1.16 At begin shipout hook (HO)
Package: refcount 2011/10/16 v3.4 Data extraction from label references (HO)
Package: hycolor 2011/01/30 v1.7 Color options for hyperref/bookmark (HO)
)
(/usr/share/texlive/texmf-dist/tex/latex/oberdiek/auxhook.sty
Package: auxhook 2011/03/04 v1.3 Hooks for auxiliary files (HO)
)
(/usr/share/texlive/texmf-dist/tex/latex/oberdiek/kvoptions.sty
Package: kvoptions 2011/06/30 v3.11 Key value format for package options (HO)
)
\@linkdim=\dimen139
\Hy@linkcounter=\count108
\Hy@pagecounter=\count109

(/usr/share/texlive/texmf-dist/tex/latex/hyperref/pd1enc.def
File: pd1enc.def 2012/11/06 v6.83m Hyperref: PDFDocEncoding definition (HO)
)
\Hy@SavedSpaceFactor=\count110

(/usr/share/texlive/texmf-dist/tex/latex/latexconfig/hyperref.cfg
File: hyperref.cfg 2002/06/06 v1.2 hyperref configuration of TeXLive
)
Package hyperref Info: Hyper figures OFF on input line 4443.
Package hyperref Info: Link nesting OFF on input line 4448.
Package hyperref Info: Hyper index ON on input line 4451.
Package hyperref Info: Plain pages OFF on input line 4458.
Package hyperref Info: Backreferencing OFF on input line 4463.
Package hyperref Info: Implicit mode ON; LaTeX internals redefined.
Package hyperref Info: Bookmarks ON on input line 4688.
\c@Hy@tempcnt=\count111

(/usr/share/texlive/texmf-dist/tex/latex/url/url.sty
\Urlmuskip=\muskip11
Package: url 2013/09/16  ver 3.4  Verb mode for urls, etc.
)
LaTeX Info: Redefining \url on input line 5041.
\XeTeXLinkMargin=\dimen140
\Fld@menulength=\count112
\Field@Width=\dimen141
\Fld@charsize=\dimen142
Package hyperref Info: Hyper figures OFF on input line 6295.
Package hyperref Info: Link nesting OFF on input line 6300.
Package hyperref Info: Hyper index ON on input line 6303.
Package hyperref Info: backreferencing OFF on input line 6310.
Package hyperref Info: Link coloring OFF on input line 6315.
Package hyperref Info: Link coloring with OCG OFF on input line 6320.
Package hyperref Info: PDF/A mode OFF on input line 6325.
LaTeX Info: Redefining \ref on input line 6365.
LaTeX Info: Redefining \pageref on input line 6369.
\Hy@abspage=\count113
\c@Item=\count114
\c@Hfootnote=\count115
)

Package hyperref Message: Driver (autodetected): hpdftex.

(/usr/share/texlive/texmf-dist/tex/latex/hyperref/hpdftex.def
File: hpdftex.def 2012/11/06 v6.83m Hyperref driver for pdfTeX
\Fld@listcount=\count116
\c@bookmark@seq@number=\count117

(/usr/share/texlive/texmf-dist/tex/latex/oberdiek/rerunfilecheck.sty
Package: rerunfilecheck 2011/04/15 v1.7 Rerun checks for auxiliary files (HO)
Package uniquecounter Info: New unique counter `rerunfilecheck' on input line 2
82.
)
\Hy@SectionHShift=\skip51
)
(/usr/share/texlive/texmf-dist/tex/latex/algorithms/algorithm.sty
Package: algorithm 2009/08/24 v0.1 Document Style `algorithm' - floating enviro
nment

(/usr/share/texlive/texmf-dist/tex/latex/float/float.sty
Package: float 2001/11/08 v1.3d Float enhancements (AL)
\c@float@type=\count118
\float@exts=\toks27
\float@box=\box29
\@float@everytoks=\toks28
\@floatcapt=\box30
)
(/usr/share/texlive/texmf-dist/tex/latex/base/ifthen.sty
Package: ifthen 2014/09/29 v1.1c Standard LaTeX ifthen package (DPC)
)
\@float@every@algorithm=\toks29
\c@algorithm=\count119
)
(/usr/share/texlive/texmf-dist/tex/latex/placeins/placeins.sty
Package: placeins 2005/04/18  v 2.2
)
(/usr/share/texlive/texmf-dist/tex/latex/algorithmicx/algpseudocode.sty
Package: algpseudocode 

(/usr/share/texlive/texmf-dist/tex/latex/algorithmicx/algorithmicx.sty
Package: algorithmicx 2005/04/27 v1.2 Algorithmicx

Document Style algorithmicx 1.2 - a greatly improved `algorithmic' style
\c@ALG@line=\count120
\c@ALG@rem=\count121
\c@ALG@nested=\count122
\ALG@tlm=\skip52
\ALG@thistlm=\skip53
\c@ALG@Lnr=\count123
\c@ALG@blocknr=\count124
\c@ALG@storecount=\count125
\c@ALG@tmpcounter=\count126
\ALG@tmplength=\skip54
)
Document Style - pseudocode environments for use with the `algorithmicx' style
) (/home/athul/machineLearning/neuralData/reports/thesis/thesis.aux

LaTeX Warning: Label `fig:ori_simple' multiply defined.


LaTeX Warning: Label `sub@fig:ori_simple' multiply defined.


LaTeX Warning: Label `fig:dir_simple' multiply defined.


LaTeX Warning: Label `sub@fig:dir_simple' multiply defined.


LaTeX Warning: Label `fig:oridir_simple' multiply defined.


LaTeX Warning: Label `chap:searchmotif' multiply defined.


LaTeX Warning: Label `fig:ori_simple' multiply defined.


LaTeX Warning: Label `sub@fig:ori_simple' multiply defined.


LaTeX Warning: Label `fig:oridir_simple' multiply defined.


LaTeX Warning: Label `fig:ori_simple' multiply defined.


LaTeX Warning: Label `sub@fig:ori_simple' multiply defined.


LaTeX Warning: Label `fig:oridir_simple' multiply defined.


LaTeX Warning: Label `fig:ori_simple' multiply defined.


LaTeX Warning: Label `sub@fig:ori_simple' multiply defined.


LaTeX Warning: Label `fig:acfgram_diff' multiply defined.


LaTeX Warning: Label `sub@fig:acfgram_diff' multiply defined.


LaTeX Warning: Label `fig:oridir_simple' multiply defined.


LaTeX Warning: Label `fig:' multiply defined.


LaTeX Warning: Label `fig:' multiply defined.


LaTeX Warning: Label `fig:' multiply defined.


LaTeX Warning: Label `fig:' multiply defined.


LaTeX Warning: Label `fig:' multiply defined.


LaTeX Warning: Label `fig:' multiply defined.


LaTeX Warning: Label `fig:' multiply defined.


LaTeX Warning: Label `fig:' multiply defined.

)
\openout1 = `thesis.aux'.

LaTeX Font Info:    Checking defaults for OML/pxmi/m/it on input line 41.
LaTeX Font Info:    Try loading font information for OML+pxmi on input line 41.

 (/usr/share/texlive/texmf-dist/tex/latex/pxfonts/omlpxmi.fd
File: omlpxmi.fd 2000/12/14 v1.0
)
LaTeX Font Info:    ... okay on input line 41.
LaTeX Font Info:    Checking defaults for T1/cmr/m/n on input line 41.
LaTeX Font Info:    ... okay on input line 41.
LaTeX Font Info:    Checking defaults for OT1/cmr/m/n on input line 41.
LaTeX Font Info:    ... okay on input line 41.
LaTeX Font Info:    Checking defaults for OMS/pxsy/m/n on input line 41.
LaTeX Font Info:    Try loading font information for OMS+pxsy on input line 41.


(/usr/share/texlive/texmf-dist/tex/latex/pxfonts/omspxsy.fd
File: omspxsy.fd 2000/12/14 v1.0
)
LaTeX Font Info:    ... okay on input line 41.
LaTeX Font Info:    Checking defaults for OMX/pxex/m/n on input line 41.
LaTeX Font Info:    Try loading font information for OMX+pxex on input line 41.


(/usr/share/texlive/texmf-dist/tex/latex/pxfonts/omxpxex.fd
File: omxpxex.fd 2000/12/14 v1.0
)
LaTeX Font Info:    ... okay on input line 41.
LaTeX Font Info:    Checking defaults for U/pxexa/m/n on input line 41.
LaTeX Font Info:    Try loading font information for U+pxexa on input line 41.

(/usr/share/texlive/texmf-dist/tex/latex/pxfonts/upxexa.fd
File: upxexa.fd 2000/12/14 v1.0
)
LaTeX Font Info:    ... okay on input line 41.
LaTeX Font Info:    Checking defaults for PD1/pdf/m/n on input line 41.
LaTeX Font Info:    ... okay on input line 41.
LaTeX Font Info:    Try loading font information for OT1+pxr on input line 41.

(/usr/share/texlive/texmf-dist/tex/latex/pxfonts/ot1pxr.fd
File: ot1pxr.fd 2000/12/14 v1.0
)
*geometry* driver: auto-detecting
*geometry* detected driver: pdftex
*geometry* verbose mode - [ preamble ] result:
* driver: pdftex
* paper: a4paper
* layout: <same size as paper>
* layoutoffset:(h,v)=(0.0pt,0.0pt)
* modes: 
* h-part:(L,W,R)=(93.95122pt, 431.28667pt, 72.26999pt)
* v-part:(T,H,B)=(93.95122pt, 678.82564pt, 72.26999pt)
* \paperwidth=597.50787pt
* \paperheight=845.04684pt
* \textwidth=431.28667pt
* \textheight=678.82564pt
* \oddsidemargin=14.79555pt
* \evensidemargin=17.07182pt
* \topmargin=21.68123pt
* \headheight=0.0pt
* \headsep=0.0pt
* \topskip=12.0pt
* \footskip=30.0pt
* \marginparwidth=35.0pt
* \marginparsep=10.0pt
* \columnsep=10.0pt
* \skip\footins=10.8pt plus 4.0pt minus 2.0pt
* \hoffset=0.0pt
* \voffset=0.0pt
* \mag=1000
* \@twocolumnfalse
* \@twosidefalse
* \@mparswitchfalse
* \@reversemarginfalse
* (1in=72.27pt=25.4mm, 1cm=28.453pt)

Package caption Info: Begin \AtBeginDocument code.
Package caption Info: float package is loaded.
Package caption Info: hyperref package is loaded.
Package caption Info: threeparttable package is loaded.
Package caption Info: End \AtBeginDocument code.
(/usr/share/texlive/texmf-dist/tex/context/base/supp-pdf.mkii
[Loading MPS to PDF converter (version 2006.09.02).]
\scratchcounter=\count127
\scratchdimen=\dimen143
\scratchbox=\box31
\nofMPsegments=\count128
\nofMParguments=\count129
\everyMPshowfont=\toks30
\MPscratchCnt=\count130
\MPscratchDim=\dimen144
\MPnumerator=\count131
\makeMPintoPDFobject=\count132
\everyMPtoPDFconversion=\toks31
) (/usr/share/texlive/texmf-dist/tex/latex/oberdiek/epstopdf-base.sty
Package: epstopdf-base 2010/02/09 v2.5 Base part for package epstopdf

(/usr/share/texlive/texmf-dist/tex/latex/oberdiek/grfext.sty
Package: grfext 2010/08/19 v1.1 Manage graphics extensions (HO)
)
Package grfext Info: Graphics extension search list:
(grfext)             [.png,.pdf,.jpg,.mps,.jpeg,.jbig2,.jb2,.PNG,.PDF,.JPG,.JPE
G,.JBIG2,.JB2,.eps]
(grfext)             \AppendGraphicsExtensions on input line 452.

(/usr/share/texlive/texmf-dist/tex/latex/latexconfig/epstopdf-sys.cfg
File: epstopdf-sys.cfg 2010/07/13 v1.3 Configuration of (r)epstopdf for TeX Liv
e
))
LaTeX Info: Redefining \celsius on input line 41.
Package gensymb Info: Faking symbols for \degree and \celsius on input line 41.



Package gensymb Warning: Not defining \perthousand.

LaTeX Info: Redefining \ohm on input line 41.
Package gensymb Info: Using \Omega for \ohm on input line 41.

Package gensymb Warning: Not defining \micro.

\AtBeginShipoutBox=\box32
Package hyperref Info: Link coloring OFF on input line 41.
(/usr/share/texlive/texmf-dist/tex/latex/hyperref/nameref.sty
Package: nameref 2012/10/27 v2.43 Cross-referencing by name of section

(/usr/share/texlive/texmf-dist/tex/generic/oberdiek/gettitlestring.sty
Package: gettitlestring 2010/12/03 v1.4 Cleanup title references (HO)
)
\c@section@level=\count133
)
LaTeX Info: Redefining \ref on input line 41.
LaTeX Info: Redefining \pageref on input line 41.
LaTeX Info: Redefining \nameref on input line 41.

(/home/athul/machineLearning/neuralData/reports/thesis/thesis.out)
(/home/athul/machineLearning/neuralData/reports/thesis/thesis.out)
\@outlinefile=\write3
\openout3 = `thesis.out'.

Package epstopdf Info: Source file: <iitm.eps>
(epstopdf)                    date: 2016-05-04 04:52:25
(epstopdf)                    size: 711659 bytes
(epstopdf)             Output file: <iitm-eps-converted-to.pdf>
(epstopdf)                    date: 2016-05-04 04:52:25
(epstopdf)                    size: 40562 bytes
(epstopdf)             Command: <repstopdf --outfile=iitm-eps-converted-to.pdf 
iitm.eps>
(epstopdf)             \includegraphics on input line 56.
Package epstopdf Info: Output file is already uptodate.

<iitm-eps-converted-to.pdf, id=140, 332.24126pt x 332.24126pt>
File: iitm-eps-converted-to.pdf Graphic file (type pdf)

<use iitm-eps-converted-to.pdf>
Package pdftex.def Info: iitm-eps-converted-to.pdf used on input line 56.
(pdftex.def)             Requested size: 99.67314pt x 99.67314pt.
 [0

{/var/lib/texmf/fonts/map/pdftex/updmap/pdftex.map} </home/athul/machineLearnin
g/neuralData/reports/thesis/iitm-eps-converted-to.pdf>]
Certificate

Underfull \hbox (badness 10000) in paragraph at lines 78--83

 []

LaTeX Font Info:    Try loading font information for U+pxmia on input line 87.
(/usr/share/texlive/texmf-dist/tex/latex/pxfonts/upxmia.fd
File: upxmia.fd 2000/12/14 v1.0
)
LaTeX Font Info:    Try loading font information for U+msa on input line 87.

(/usr/share/texlive/texmf-dist/tex/latex/amsfonts/umsa.fd
File: umsa.fd 2013/01/14 v3.01 AMS symbols A
)
LaTeX Font Info:    Try loading font information for U+msb on input line 87.

(/usr/share/texlive/texmf-dist/tex/latex/amsfonts/umsb.fd
File: umsb.fd 2013/01/14 v3.01 AMS symbols B
)
LaTeX Font Info:    Try loading font information for U+pxsyc on input line 87.

(/usr/share/texlive/texmf-dist/tex/latex/pxfonts/upxsyc.fd
File: upxsyc.fd 2000/12/14 v1.0
)
Underfull \hbox (badness 10000) in paragraph at lines 90--95

 []


Overfull \hbox (1.35732pt too wide) in paragraph at lines 75--102
[]|  $[]$$[]$ 
 []

pdfTeX warning (ext4): destination with the same identifier (name{page.}) has b
een already used, duplicate ignored
<to be read again> 
                   \relax 
l.102 \acknowledgements
                        [0

]
Overfull \hbox (19.85919pt too wide) in paragraph at lines 104--105
\OT1/pxr/m/n/12 Foremost, I would like to ex-press my sin-cere grat-i-tude to m
y guide Dr. Hema A. Murthy
 []

[1

] [2

] (/home/athul/machineLearning/neuralData/reports/thesis/thesis.toc
[3

])
\tf@toc=\write4
\openout4 = `thesis.toc'.

 [4] (/home/athul/machineLearning/neuralData/reports/thesis/thesis.lot)
\tf@lot=\write5
\openout5 = `thesis.lot'.


[5

] (/home/athul/machineLearning/neuralData/reports/thesis/thesis.lof [6

]
[7])
\tf@lof=\write6
\openout6 = `thesis.lof'.

 [8] [9

] [10

]
CHAPTER 1.
[1


] [2]
CHAPTER 2.
[3

] [4] [5]
<thesis_plots/ori_selectivity.pdf, id=381, 500.87125pt x 464.73625pt>
File: thesis_plots/ori_selectivity.pdf Graphic file (type pdf)

<use thesis_plots/ori_selectivity.pdf>
Package pdftex.def Info: thesis_plots/ori_selectivity.pdf used on input line 23
5.
(pdftex.def)             Requested size: 258.77463pt x 240.11124pt.

<thesis_plots/dir_simple.pdf, id=382, 496.85625pt x 258.9675pt>
File: thesis_plots/dir_simple.pdf Graphic file (type pdf)

<use thesis_plots/dir_simple.pdf>
Package pdftex.def Info: thesis_plots/dir_simple.pdf used on input line 242.
(pdftex.def)             Requested size: 215.64333pt x 112.39703pt.

<thesis_plots/dir_complex.pdf, id=383, 496.85625pt x 258.9675pt>
File: thesis_plots/dir_complex.pdf Graphic file (type pdf)

<use thesis_plots/dir_complex.pdf>
Package pdftex.def Info: thesis_plots/dir_complex.pdf used on input line 247.
(pdftex.def)             Requested size: 215.64333pt x 112.39703pt.


LaTeX Warning: `h' float specifier changed to `ht'.


LaTeX Warning: `h' float specifier changed to `ht'.

[6]
Missing character: There is no â in font pxr!
Missing character: There is no € in font pxr!
Missing character: There is no “ in font pxr!
Missing character: There is no â in font pxr!
Missing character: There is no € in font pxr!
Missing character: There is no “ in font pxr!
Missing character: There is no Â in font pxr!
Missing character: There is no ° in font pxr!
Missing character: There is no â in font pxr!
Missing character: There is no € in font pxr!
Missing character: There is no “ in font pxr!
 [7 </home/athul/machineLearning/neuralData/reports/thesis/thesis_plots/ori_sel
ectivity.pdf>]
LaTeX Font Info:    Try loading font information for OMS+pxr on input line 271.

 (/usr/share/texlive/texmf-dist/tex/latex/pxfonts/omspxr.fd
File: omspxr.fd 2000/12/14 v1.0
)
LaTeX Font Info:    Font shape `OMS/pxr/m/n' in size <12> not available
(Font)              Font shape `OMS/pxsy/m/n' tried instead on input line 271.

[8 </home/athul/machineLearning/neuralData/reports/thesis/thesis_plots/dir_simp
le.pdf> </home/athul/machineLearning/neuralData/reports/thesis/thesis_plots/dir
_complex.pdf

pdfTeX warning: pdflatex (file /home/athul/machineLearning/neuralData/reports/t
hesis/thesis_plots/dir_complex.pdf): PDF inclusion: multiple pdfs with page gro
up included in a single page
>] [9] [10]
CHAPTER 3.
[11

]
Overfull \hbox (24.97221pt too wide) in paragraph at lines 311--313
\OT1/pxr/m/n/12 Similarly, Nor-mal-ized length of vec-tor sum in di-rec-tion sp
ace is de-fined as DSI(Direction
 []


<thesis_plots/gratings_oripolar_2016_04_24_14_08_33.pdf, id=477, 578.16pt x 433
.62pt>
File: thesis_plots/gratings_oripolar_2016_04_24_14_08_33.pdf Graphic file (type
 pdf)
 <use thesis_plots/gratings_oripolar_2016_04_24_14_08_33.pdf>
Package pdftex.def Info: thesis_plots/gratings_oripolar_2016_04_24_14_08_33.pdf
 used on input line 319.
(pdftex.def)             Requested size: 215.64333pt x 161.7271pt.

<thesis_plots/gratings_dirpolar_2016_04_24_14_08_33.pdf, id=478, 578.16pt x 433
.62pt>
File: thesis_plots/gratings_dirpolar_2016_04_24_14_08_33.pdf Graphic file (type
 pdf)
 <use thesis_plots/gratings_dirpolar_2016_04_24_14_08_33.pdf>
Package pdftex.def Info: thesis_plots/gratings_dirpolar_2016_04_24_14_08_33.pdf
 used on input line 324.
(pdftex.def)             Requested size: 215.64333pt x 161.7271pt.

<thesis_plots/gratings_oripolar_2016_05_01_15_25_00.pdf, id=480, 578.16pt x 433
.62pt>
File: thesis_plots/gratings_oripolar_2016_05_01_15_25_00.pdf Graphic file (type
 pdf)
 <use thesis_plots/gratings_oripolar_2016_05_01_15_25_00.pdf>
Package pdftex.def Info: thesis_plots/gratings_oripolar_2016_05_01_15_25_00.pdf
 used on input line 334.
(pdftex.def)             Requested size: 215.64333pt x 161.7271pt.

<thesis_plots/gratings_dirpolar_2016_05_01_15_25_00.pdf, id=481, 578.16pt x 433
.62pt>
File: thesis_plots/gratings_dirpolar_2016_05_01_15_25_00.pdf Graphic file (type
 pdf)
 <use thesis_plots/gratings_dirpolar_2016_05_01_15_25_00.pdf>
Package pdftex.def Info: thesis_plots/gratings_dirpolar_2016_05_01_15_25_00.pdf
 used on input line 339.
(pdftex.def)             Requested size: 215.64333pt x 161.7271pt.
 [12 </home/athul/machineLearning/neuralData/reports/thesis/thesis_plots/gratin
gs_oripolar_2016_04_24_14_08_33.pdf> </home/athul/machineLearning/neuralData/re
ports/thesis/thesis_plots/gratings_dirpolar_2016_04_24_14_08_33.pdf

pdfTeX warning: pdflatex (file /home/athul/machineLearning/neuralData/reports/t
hesis/thesis_plots/gratings_dirpolar_2016_04_24_14_08_33.pdf): PDF inclusion: m
ultiple pdfs with page group included in a single page
>]
<thesis_plots/gratings_oripolar_2016_05_01_15_26_41.pdf, id=570, 578.16pt x 433
.62pt>
File: thesis_plots/gratings_oripolar_2016_05_01_15_26_41.pdf Graphic file (type
 pdf)
 <use thesis_plots/gratings_oripolar_2016_05_01_15_26_41.pdf>
Package pdftex.def Info: thesis_plots/gratings_oripolar_2016_05_01_15_26_41.pdf
 used on input line 349.
(pdftex.def)             Requested size: 215.64333pt x 161.7271pt.

<thesis_plots/gratings_dirpolar_2016_05_01_15_26_41.pdf, id=571, 578.16pt x 433
.62pt>
File: thesis_plots/gratings_dirpolar_2016_05_01_15_26_41.pdf Graphic file (type
 pdf)
 <use thesis_plots/gratings_dirpolar_2016_05_01_15_26_41.pdf>
Package pdftex.def Info: thesis_plots/gratings_dirpolar_2016_05_01_15_26_41.pdf
 used on input line 354.
(pdftex.def)             Requested size: 215.64333pt x 161.7271pt.
 [13 </home/athul/machineLearning/neuralData/reports/thesis/thesis_plots/gratin
gs_oripolar_2016_05_01_15_25_00.pdf> </home/athul/machineLearning/neuralData/re
ports/thesis/thesis_plots/gratings_dirpolar_2016_05_01_15_25_00.pdf

pdfTeX warning: pdflatex (file /home/athul/machineLearning/neuralData/reports/t
hesis/thesis_plots/gratings_dirpolar_2016_05_01_15_25_00.pdf): PDF inclusion: m
ultiple pdfs with page group included in a single page
> </home/athul/machineLearning/neuralData/reports/thesis/thesis_plots/gratings_
oripolar_2016_05_01_15_26_41.pdf

pdfTeX warning: pdflatex (file /home/athul/machineLearning/neuralData/reports/t
hesis/thesis_plots/gratings_oripolar_2016_05_01_15_26_41.pdf): PDF inclusion: m
ultiple pdfs with page group included in a single page
> </home/athul/machineLearning/neuralData/reports/thesis/thesis_plots/gratings_
dirpolar_2016_05_01_15_26_41.pdf

pdfTeX warning: pdflatex (file /home/athul/machineLearning/neuralData/reports/t
hesis/thesis_plots/gratings_dirpolar_2016_05_01_15_26_41.pdf): PDF inclusion: m
ultiple pdfs with page group included in a single page
>]
<thesis_plots/gratings_crvefit_osi_n_3_2016_05_02_12_53_03.pdf, id=737, 578.16p
t x 433.62pt>
File: thesis_plots/gratings_crvefit_osi_n_3_2016_05_02_12_53_03.pdf Graphic fil
e (type pdf)

<use thesis_plots/gratings_crvefit_osi_n_3_2016_05_02_12_53_03.pdf>
Package pdftex.def Info: thesis_plots/gratings_crvefit_osi_n_3_2016_05_02_12_53
_03.pdf used on input line 380.
(pdftex.def)             Requested size: 215.64333pt x 161.7271pt.

<thesis_plots/gratings_crvefit_n_3_2016_05_01_15_40_28.pdf, id=738, 578.16pt x 
433.62pt>
File: thesis_plots/gratings_crvefit_n_3_2016_05_01_15_40_28.pdf Graphic file (t
ype pdf)
 <use thesis_plots/gratings_crvefit_n_3_2016_05_01_15_40_28.pdf>
Package pdftex.def Info: thesis_plots/gratings_crvefit_n_3_2016_05_01_15_40_28.
pdf used on input line 385.
(pdftex.def)             Requested size: 215.64333pt x 161.7271pt.

<thesis_plots/gratings_crvefit_osi_n_0_2016_05_02_12_52_43.pdf, id=740, 578.16p
t x 433.62pt>
File: thesis_plots/gratings_crvefit_osi_n_0_2016_05_02_12_52_43.pdf Graphic fil
e (type pdf)

<use thesis_plots/gratings_crvefit_osi_n_0_2016_05_02_12_52_43.pdf>
Package pdftex.def Info: thesis_plots/gratings_crvefit_osi_n_0_2016_05_02_12_52
_43.pdf used on input line 394.
(pdftex.def)             Requested size: 215.64333pt x 161.7271pt.

<thesis_plots/gratings_crvefit_n_0_2016_05_01_15_40_26.pdf, id=741, 578.16pt x 
433.62pt>
File: thesis_plots/gratings_crvefit_n_0_2016_05_01_15_40_26.pdf Graphic file (t
ype pdf)
 <use thesis_plots/gratings_crvefit_n_0_2016_05_01_15_40_26.pdf>
Package pdftex.def Info: thesis_plots/gratings_crvefit_n_0_2016_05_01_15_40_26.
pdf used on input line 399.
(pdftex.def)             Requested size: 215.64333pt x 161.7271pt.

[14]

LaTeX Warning: `h' float specifier changed to `ht'.

[15 </home/athul/machineLearning/neuralData/reports/thesis/thesis_plots/grating
s_crvefit_osi_n_3_2016_05_02_12_53_03.pdf> </home/athul/machineLearning/neuralD
ata/reports/thesis/thesis_plots/gratings_crvefit_n_3_2016_05_01_15_40_28.pdf

pdfTeX warning: pdflatex (file /home/athul/machineLearning/neuralData/reports/t
hesis/thesis_plots/gratings_crvefit_n_3_2016_05_01_15_40_28.pdf): PDF inclusion
: multiple pdfs with page group included in a single page
>]
Package epstopdf Info: Source file: <thesis_plots/tuningCorr_desc_civar_m2.eps>

(epstopdf)                    date: 2016-05-04 04:52:25
(epstopdf)                    size: 695201 bytes
(epstopdf)             Output file: <thesis_plots/tuningCorr_desc_civar_m2-eps-
converted-to.pdf>
(epstopdf)                    date: 2016-05-04 04:52:25
(epstopdf)                    size: 35939 bytes
(epstopdf)             Command: <repstopdf --outfile=thesis_plots/tuningCorr_de
sc_civar_m2-eps-converted-to.pdf thesis_plots/tuningCorr_desc_civar_m2.eps>
(epstopdf)             \includegraphics on input line 414.
Package epstopdf Info: Output file is already uptodate.

<thesis_plots/tuningCorr_desc_civar_m2-eps-converted-to.pdf, id=846, 587.19376p
t x 442.65375pt>
File: thesis_plots/tuningCorr_desc_civar_m2-eps-converted-to.pdf Graphic file (
type pdf)

<use thesis_plots/tuningCorr_desc_civar_m2-eps-converted-to.pdf>
Package pdftex.def Info: thesis_plots/tuningCorr_desc_civar_m2-eps-converted-to
.pdf used on input line 414.
(pdftex.def)             Requested size: 388.15536pt x 292.61166pt.

<thesis_plots/gratings_sel_model_2016_05_02_15_57_20.pdf, id=847, 578.16pt x 43
3.62pt>
File: thesis_plots/gratings_sel_model_2016_05_02_15_57_20.pdf Graphic file (typ
e pdf)
 <use thesis_plots/gratings_sel_model_2016_05_02_15_57_20.pdf>
Package pdftex.def Info: thesis_plots/gratings_sel_model_2016_05_02_15_57_20.pd
f used on input line 420.
(pdftex.def)             Requested size: 388.15536pt x 291.11276pt.


LaTeX Warning: `h' float specifier changed to `ht'.


LaTeX Warning: `h' float specifier changed to `ht'.

[16 </home/athul/machineLearning/neuralData/reports/thesis/thesis_plots/grating
s_crvefit_osi_n_0_2016_05_02_12_52_43.pdf> </home/athul/machineLearning/neuralD
ata/reports/thesis/thesis_plots/gratings_crvefit_n_0_2016_05_01_15_40_26.pdf

pdfTeX warning: pdflatex (file /home/athul/machineLearning/neuralData/reports/t
hesis/thesis_plots/gratings_crvefit_n_0_2016_05_01_15_40_26.pdf): PDF inclusion
: multiple pdfs with page group included in a single page
>] [17 </home/athul/machineLearning/neuralData/reports/thesis/thesis_plots/tuni
ngCorr_desc_civar_m2-eps-converted-to.pdf>]
<thesis_plots/subsetbMain_pcaPlot_2016_02_05_15_41_05.pdf, id=970, 578.16pt x 4
33.62pt>
File: thesis_plots/subsetbMain_pcaPlot_2016_02_05_15_41_05.pdf Graphic file (ty
pe pdf)
 <use thesis_plots/subsetbMain_pcaPlot_2016_02_05_15_41_05.pdf>
Package pdftex.def Info: thesis_plots/subsetbMain_pcaPlot_2016_02_05_15_41_05.p
df used on input line 436.
(pdftex.def)             Requested size: 207.01575pt x 155.25616pt.

<thesis_plots/subsetbMain_errPlot_2016_02_12_12_42_39.pdf, id=971, 578.16pt x 4
33.62pt>
File: thesis_plots/subsetbMain_errPlot_2016_02_12_12_42_39.pdf Graphic file (ty
pe pdf)
 <use thesis_plots/subsetbMain_errPlot_2016_02_12_12_42_39.pdf>
Package pdftex.def Info: thesis_plots/subsetbMain_errPlot_2016_02_12_12_42_39.p
df used on input line 443.
(pdftex.def)             Requested size: 207.01575pt x 155.25616pt.

[18 </home/athul/machineLearning/neuralData/reports/thesis/thesis_plots/grating
s_sel_model_2016_05_02_15_57_20.pdf>] [19 </home/athul/machineLearning/neuralDa
ta/reports/thesis/thesis_plots/subsetbMain_pcaPlot_2016_02_05_15_41_05.pdf> </h
ome/athul/machineLearning/neuralData/reports/thesis/thesis_plots/subsetbMain_er
rPlot_2016_02_12_12_42_39.pdf

pdfTeX warning: pdflatex (file /home/athul/machineLearning/neuralData/reports/t
hesis/thesis_plots/subsetbMain_errPlot_2016_02_12_12_42_39.pdf): PDF inclusion:
 multiple pdfs with page group included in a single page
>]
<thesis_plots/reliabMain_raPlot_2016_02_05_13_25_56.pdf, id=1119, 578.16pt x 43
3.62pt>
File: thesis_plots/reliabMain_raPlot_2016_02_05_13_25_56.pdf Graphic file (type
 pdf)
 <use thesis_plots/reliabMain_raPlot_2016_02_05_13_25_56.pdf>
Package pdftex.def Info: thesis_plots/reliabMain_raPlot_2016_02_05_13_25_56.pdf
 used on input line 460.
(pdftex.def)             Requested size: 258.77463pt x 194.07516pt.
 [20 </home/athul/machineLearning/neuralData/reports/thesis/thesis_plots/reliab
Main_raPlot_2016_02_05_13_25_56.pdf>]
CHAPTER 4.
[21

] [22]
<thesis_plots/acfMain_acfPlot_2016_02_05_16_45_37.pdf, id=1181, 1011.78pt x 867
.24pt>
File: thesis_plots/acfMain_acfPlot_2016_02_05_16_45_37.pdf Graphic file (type p
df)
 <use thesis_plots/acfMain_acfPlot_2016_02_05_16_45_37.pdf>
Package pdftex.def Info: thesis_plots/acfMain_acfPlot_2016_02_05_16_45_37.pdf u
sed on input line 494.
(pdftex.def)             Requested size: 301.89934pt x 258.77132pt.
 [23 </home/athul/machineLearning/neuralData/reports/thesis/thesis_plots/acfMai
n_acfPlot_2016_02_05_16_45_37.pdf>]
<thesis_plots/framesel.pdf, id=1402, 731.73375pt x 298.11375pt>
File: thesis_plots/framesel.pdf Graphic file (type pdf)

<use thesis_plots/framesel.pdf>
Package pdftex.def Info: thesis_plots/framesel.pdf used on input line 507.
(pdftex.def)             Requested size: 431.28667pt x 175.70818pt.
 [24 </home/athul/machineLearning/neuralData/reports/thesis/thesis_plots/frames
el.pdf>]
<thesis_plots/acfMain_corrGram_2016_02_05_16_49_00.pdf, id=1445, 1011.78pt x 86
7.24pt>
File: thesis_plots/acfMain_corrGram_2016_02_05_16_49_00.pdf Graphic file (type 
pdf)
 <use thesis_plots/acfMain_corrGram_2016_02_05_16_49_00.pdf>
Package pdftex.def Info: thesis_plots/acfMain_corrGram_2016_02_05_16_49_00.pdf 
used on input line 519.
(pdftex.def)             Requested size: 215.64333pt x 184.83853pt.

<thesis_plots/acfMain_corrGram_2016_02_05_16_49_10.pdf, id=1446, 1011.78pt x 86
7.24pt>
File: thesis_plots/acfMain_corrGram_2016_02_05_16_49_10.pdf Graphic file (type 
pdf)
 <use thesis_plots/acfMain_corrGram_2016_02_05_16_49_10.pdf>
Package pdftex.def Info: thesis_plots/acfMain_corrGram_2016_02_05_16_49_10.pdf 
used on input line 524.
(pdftex.def)             Requested size: 215.64333pt x 184.83853pt.

<thesis_plots/acfMain_corrGram_2016_02_05_16_45_22.pdf, id=1448, 1011.78pt x 86
7.24pt>
File: thesis_plots/acfMain_corrGram_2016_02_05_16_45_22.pdf Graphic file (type 
pdf)
 <use thesis_plots/acfMain_corrGram_2016_02_05_16_45_22.pdf>
Package pdftex.def Info: thesis_plots/acfMain_corrGram_2016_02_05_16_45_22.pdf 
used on input line 533.
(pdftex.def)             Requested size: 215.64333pt x 184.83853pt.

<thesis_plots/acfMain_corrGram_2016_02_05_16_45_38.pdf, id=1449, 1011.78pt x 86
7.24pt>
File: thesis_plots/acfMain_corrGram_2016_02_05_16_45_38.pdf Graphic file (type 
pdf)
 <use thesis_plots/acfMain_corrGram_2016_02_05_16_45_38.pdf>
Package pdftex.def Info: thesis_plots/acfMain_corrGram_2016_02_05_16_45_38.pdf 
used on input line 538.
(pdftex.def)             Requested size: 215.64333pt x 184.83853pt.
 [25 </home/athul/machineLearning/neuralData/reports/thesis/thesis_plots/acfMai
n_corrGram_2016_02_05_16_49_00.pdf> </home/athul/machineLearning/neuralData/rep
orts/thesis/thesis_plots/acfMain_corrGram_2016_02_05_16_49_10.pdf

pdfTeX warning: pdflatex (file /home/athul/machineLearning/neuralData/reports/t
hesis/thesis_plots/acfMain_corrGram_2016_02_05_16_49_10.pdf): PDF inclusion: mu
ltiple pdfs with page group included in a single page
>] [26 </home/athul/machineLearning/neuralData/reports/thesis/thesis_plots/acfM
ain_corrGram_2016_02_05_16_45_22.pdf> </home/athul/machineLearning/neuralData/r
eports/thesis/thesis_plots/acfMain_corrGram_2016_02_05_16_45_38.pdf

pdfTeX warning: pdflatex (file /home/athul/machineLearning/neuralData/reports/t
hesis/thesis_plots/acfMain_corrGram_2016_02_05_16_45_38.pdf): PDF inclusion: mu
ltiple pdfs with page group included in a single page
>]
CHAPTER 5.

LaTeX Warning: `h' float specifier changed to `ht'.

[27

] [28] [29]
Underfull \hbox (badness 10000) in paragraph at lines 619--620

 []


Underfull \hbox (badness 10000) in paragraph at lines 622--623

 []

Package hyperref Info: bookmark level for unknown algorithm defaults to 0 on in
put line 629.
[30] [31]
<thesis_plots/rlcsMain_score_trial_0_1n_102016_05_06_10_32_05.pdf, id=2689, 115
6.32pt x 1011.78pt>
File: thesis_plots/rlcsMain_score_trial_0_1n_102016_05_06_10_32_05.pdf Graphic 
file (type pdf)

<use thesis_plots/rlcsMain_score_trial_0_1n_102016_05_06_10_32_05.pdf>
Package pdftex.def Info: thesis_plots/rlcsMain_score_trial_0_1n_102016_05_06_10
_32_05.pdf used on input line 716.
(pdftex.def)             Requested size: 431.28667pt x 377.36325pt.
 [32]

LaTeX Warning: `h' float specifier changed to `ht'.

Package epstopdf Info: Source file: <thesis_plots/rlcsMain_motif_trial_0_1n_102
016_05_06_10_30_17.eps>
(epstopdf)                    date: 2016-05-07 00:11:21
(epstopdf)                    size: 29330 bytes
(epstopdf)             Output file: <thesis_plots/rlcsMain_motif_trial_0_1n_102
016_05_06_10_30_17-eps-converted-to.pdf>
(epstopdf)                    date: 2016-05-07 00:11:21
(epstopdf)                    size: 17260 bytes
(epstopdf)             Command: <repstopdf --outfile=thesis_plots/rlcsMain_moti
f_trial_0_1n_102016_05_06_10_30_17-eps-converted-to.pdf thesis_plots/rlcsMain_m
otif_trial_0_1n_102016_05_06_10_30_17.eps>
(epstopdf)             \includegraphics on input line 724.
Package epstopdf Info: Output file is already uptodate.

<thesis_plots/rlcsMain_motif_trial_0_1n_102016_05_06_10_30_17-eps-converted-to.
pdf, id=2697, 578.16pt x 433.62pt>
File: thesis_plots/rlcsMain_motif_trial_0_1n_102016_05_06_10_30_17-eps-converte
d-to.pdf Graphic file (type pdf)

<use thesis_plots/rlcsMain_motif_trial_0_1n_102016_05_06_10_30_17-eps-converted
-to.pdf>
Package pdftex.def Info: thesis_plots/rlcsMain_motif_trial_0_1n_102016_05_06_10
_30_17-eps-converted-to.pdf used on input line 724.
(pdftex.def)             Requested size: 345.03064pt x 258.7713pt.


LaTeX Warning: `h' float specifier changed to `ht'.


<thesis_plots/rlcsMain_backtrack_n1_15_n2_52016_05_06_10_42_55.pdf, id=2700, 11
56.32pt x 1011.78pt>
File: thesis_plots/rlcsMain_backtrack_n1_15_n2_52016_05_06_10_42_55.pdf Graphic
 file (type pdf)

<use thesis_plots/rlcsMain_backtrack_n1_15_n2_52016_05_06_10_42_55.pdf>
Package pdftex.def Info: thesis_plots/rlcsMain_backtrack_n1_15_n2_52016_05_06_1
0_42_55.pdf used on input line 734.
(pdftex.def)             Requested size: 345.03064pt x 301.89986pt.
Package epstopdf Info: Source file: <thesis_plots/rlcsMain_getSegs_15_n2_52016_
05_06_10_42_54.eps>
(epstopdf)                    date: 2016-05-07 00:11:21
(epstopdf)                    size: 32336 bytes
(epstopdf)             Output file: <thesis_plots/rlcsMain_getSegs_15_n2_52016_
05_06_10_42_54-eps-converted-to.pdf>
(epstopdf)                    date: 2016-05-07 00:11:21
(epstopdf)                    size: 19512 bytes
(epstopdf)             Command: <repstopdf --outfile=thesis_plots/rlcsMain_getS
egs_15_n2_52016_05_06_10_42_54-eps-converted-to.pdf thesis_plots/rlcsMain_getSe
gs_15_n2_52016_05_06_10_42_54.eps>
(epstopdf)             \includegraphics on input line 740.
Package epstopdf Info: Output file is already uptodate.

<thesis_plots/rlcsMain_getSegs_15_n2_52016_05_06_10_42_54-eps-converted-to.pdf,
 id=2701, 578.16pt x 433.62pt>
File: thesis_plots/rlcsMain_getSegs_15_n2_52016_05_06_10_42_54-eps-converted-to
.pdf Graphic file (type pdf)

<use thesis_plots/rlcsMain_getSegs_15_n2_52016_05_06_10_42_54-eps-converted-to.
pdf>
Package pdftex.def Info: thesis_plots/rlcsMain_getSegs_15_n2_52016_05_06_10_42_
54-eps-converted-to.pdf used on input line 740.
(pdftex.def)             Requested size: 345.03064pt x 258.7713pt.
 [33]
<thesis_plots/rlcsMain_backtrack_mice_2016_05_06_10_48_51.pdf, id=2712, 1156.32
pt x 1011.78pt>
File: thesis_plots/rlcsMain_backtrack_mice_2016_05_06_10_48_51.pdf Graphic file
 (type pdf)

<use thesis_plots/rlcsMain_backtrack_mice_2016_05_06_10_48_51.pdf>
Package pdftex.def Info: thesis_plots/rlcsMain_backtrack_mice_2016_05_06_10_48_
51.pdf used on input line 750.
(pdftex.def)             Requested size: 345.03064pt x 301.89986pt.
Package epstopdf Info: Source file: <thesis_plots/rlcsMain_getSegs_mice2016_05_
06_10_48_51.eps>
(epstopdf)                    date: 2016-05-07 00:11:21
(epstopdf)                    size: 32741 bytes
(epstopdf)             Output file: <thesis_plots/rlcsMain_getSegs_mice2016_05_
06_10_48_51-eps-converted-to.pdf>
(epstopdf)                    date: 2016-05-07 00:11:21
(epstopdf)                    size: 20577 bytes
(epstopdf)             Command: <repstopdf --outfile=thesis_plots/rlcsMain_getS
egs_mice2016_05_06_10_48_51-eps-converted-to.pdf thesis_plots/rlcsMain_getSegs_
mice2016_05_06_10_48_51.eps>
(epstopdf)             \includegraphics on input line 756.
Package epstopdf Info: Output file is already uptodate.

<thesis_plots/rlcsMain_getSegs_mice2016_05_06_10_48_51-eps-converted-to.pdf, id
=2713, 578.16pt x 433.62pt>
File: thesis_plots/rlcsMain_getSegs_mice2016_05_06_10_48_51-eps-converted-to.pd
f Graphic file (type pdf)

<use thesis_plots/rlcsMain_getSegs_mice2016_05_06_10_48_51-eps-converted-to.pdf
>
Package pdftex.def Info: thesis_plots/rlcsMain_getSegs_mice2016_05_06_10_48_51-
eps-converted-to.pdf used on input line 756.
(pdftex.def)             Requested size: 345.03064pt x 258.7713pt.
 [34 </home/athul/machineLearning/neuralData/reports/thesis/thesis_plots/rlcsMa
in_score_trial_0_1n_102016_05_06_10_32_05.pdf>] [35 </home/athul/machineLearnin
g/neuralData/reports/thesis/thesis_plots/rlcsMain_motif_trial_0_1n_102016_05_06
_10_30_17-eps-converted-to.pdf>] [36 </home/athul/machineLearning/neuralData/re
ports/thesis/thesis_plots/rlcsMain_backtrack_n1_15_n2_52016_05_06_10_42_55.pdf>
 </home/athul/machineLearning/neuralData/reports/thesis/thesis_plots/rlcsMain_g
etSegs_15_n2_52016_05_06_10_42_54-eps-converted-to.pdf>] [37 </home/athul/machi
neLearning/neuralData/reports/thesis/thesis_plots/rlcsMain_backtrack_mice_2016_
05_06_10_48_51.pdf> </home/athul/machineLearning/neuralData/reports/thesis/thes
is_plots/rlcsMain_getSegs_mice2016_05_06_10_48_51-eps-converted-to.pdf>]

Package amsmath Warning: Foreign command \over;
(amsmath)                \frac or \genfrac should be used instead
(amsmath)                 on input line 767.


<thesis_plots/rlcsMain_backtrack_n1_16_n2_252016_05_06_11_00_24.pdf, id=2979, 1
156.32pt x 1011.78pt>
File: thesis_plots/rlcsMain_backtrack_n1_16_n2_252016_05_06_11_00_24.pdf Graphi
c file (type pdf)

<use thesis_plots/rlcsMain_backtrack_n1_16_n2_252016_05_06_11_00_24.pdf>
Package pdftex.def Info: thesis_plots/rlcsMain_backtrack_n1_16_n2_252016_05_06_
11_00_24.pdf used on input line 774.
(pdftex.def)             Requested size: 215.64333pt x 188.6739pt.
Package epstopdf Info: Source file: <thesis_plots/rlcsMain_getSegs_16_n2_252016
_05_06_11_00_24.eps>
(epstopdf)                    date: 2016-05-07 00:11:21
(epstopdf)                    size: 34035 bytes
(epstopdf)             Output file: <thesis_plots/rlcsMain_getSegs_16_n2_252016
_05_06_11_00_24-eps-converted-to.pdf>
(epstopdf)                    date: 2016-05-07 00:11:21
(epstopdf)                    size: 20022 bytes
(epstopdf)             Command: <repstopdf --outfile=thesis_plots/rlcsMain_getS
egs_16_n2_252016_05_06_11_00_24-eps-converted-to.pdf thesis_plots/rlcsMain_getS
egs_16_n2_252016_05_06_11_00_24.eps>
(epstopdf)             \includegraphics on input line 779.
Package epstopdf Info: Output file is already uptodate.

<thesis_plots/rlcsMain_getSegs_16_n2_252016_05_06_11_00_24-eps-converted-to.pdf
, id=2980, 578.16pt x 433.62pt>
File: thesis_plots/rlcsMain_getSegs_16_n2_252016_05_06_11_00_24-eps-converted-t
o.pdf Graphic file (type pdf)

<use thesis_plots/rlcsMain_getSegs_16_n2_252016_05_06_11_00_24-eps-converted-to
.pdf>
Package pdftex.def Info: thesis_plots/rlcsMain_getSegs_16_n2_252016_05_06_11_00
_24-eps-converted-to.pdf used on input line 779.
(pdftex.def)             Requested size: 215.64333pt x 161.7271pt.


LaTeX Warning: `h' float specifier changed to `ht'.

[38] [39 </home/athul/machineLearning/neuralData/reports/thesis/thesis_plots/rl
csMain_backtrack_n1_16_n2_252016_05_06_11_00_24.pdf> </home/athul/machineLearni
ng/neuralData/reports/thesis/thesis_plots/rlcsMain_getSegs_16_n2_252016_05_06_1
1_00_24-eps-converted-to.pdf>]
CHAPTER 6.
[40

] [41]
APPENDIX A.

<thesis_plots/apndx/rlcsMain_score_trial_0_1n_222016_05_08_19_04_26.pdf, id=308
5, 1156.32pt x 1011.78pt>
File: thesis_plots/apndx/rlcsMain_score_trial_0_1n_222016_05_08_19_04_26.pdf Gr
aphic file (type pdf)

<use thesis_plots/apndx/rlcsMain_score_trial_0_1n_222016_05_08_19_04_26.pdf>
Package pdftex.def Info: thesis_plots/apndx/rlcsMain_score_trial_0_1n_222016_05
_08_19_04_26.pdf used on input line 817.
(pdftex.def)             Requested size: 215.64333pt x 188.6739pt.
Package epstopdf Info: Source file: <thesis_plots/apndx/rlcsMain_motif_trial_0_
1n_222016_05_08_19_04_26.eps>
(epstopdf)                    date: 2016-05-08 19:04:26
(epstopdf)                    size: 27661 bytes
(epstopdf)             Output file: <thesis_plots/apndx/rlcsMain_motif_trial_0_
1n_222016_05_08_19_04_26-eps-converted-to.pdf>
(epstopdf)                    date: 2016-05-08 19:06:34
(epstopdf)                    size: 16865 bytes
(epstopdf)             Command: <repstopdf --outfile=thesis_plots/apndx/rlcsMai
n_motif_trial_0_1n_222016_05_08_19_04_26-eps-converted-to.pdf thesis_plots/apnd
x/rlcsMain_motif_trial_0_1n_222016_05_08_19_04_26.eps>
(epstopdf)             \includegraphics on input line 821.
Package epstopdf Info: Output file is already uptodate.

<thesis_plots/apndx/rlcsMain_motif_trial_0_1n_222016_05_08_19_04_26-eps-convert
ed-to.pdf, id=3086, 578.16pt x 433.62pt>
File: thesis_plots/apndx/rlcsMain_motif_trial_0_1n_222016_05_08_19_04_26-eps-co
nverted-to.pdf Graphic file (type pdf)

<use thesis_plots/apndx/rlcsMain_motif_trial_0_1n_222016_05_08_19_04_26-eps-con
verted-to.pdf>
Package pdftex.def Info: thesis_plots/apndx/rlcsMain_motif_trial_0_1n_222016_05
_08_19_04_26-eps-converted-to.pdf used on input line 821.
(pdftex.def)             Requested size: 215.64333pt x 161.7271pt.

<thesis_plots/apndx/rlcsMain_score_trial_0_1n_322016_05_08_19_14_28.pdf, id=308
7, 1156.32pt x 1011.78pt>
File: thesis_plots/apndx/rlcsMain_score_trial_0_1n_322016_05_08_19_14_28.pdf Gr
aphic file (type pdf)

<use thesis_plots/apndx/rlcsMain_score_trial_0_1n_322016_05_08_19_14_28.pdf>
Package pdftex.def Info: thesis_plots/apndx/rlcsMain_score_trial_0_1n_322016_05
_08_19_14_28.pdf used on input line 830.
(pdftex.def)             Requested size: 215.64333pt x 188.6739pt.
Package epstopdf Info: Source file: <thesis_plots/apndx/rlcsMain_motif_trial_0_
1n_322016_05_08_19_14_28.eps>
(epstopdf)                    date: 2016-05-08 19:14:28
(epstopdf)                    size: 27261 bytes
(epstopdf)             Output file: <thesis_plots/apndx/rlcsMain_motif_trial_0_
1n_322016_05_08_19_14_28-eps-converted-to.pdf>
(epstopdf)                    date: 2016-05-08 19:15:44
(epstopdf)                    size: 16286 bytes
(epstopdf)             Command: <repstopdf --outfile=thesis_plots/apndx/rlcsMai
n_motif_trial_0_1n_322016_05_08_19_14_28-eps-converted-to.pdf thesis_plots/apnd
x/rlcsMain_motif_trial_0_1n_322016_05_08_19_14_28.eps>
(epstopdf)             \includegraphics on input line 834.
Package epstopdf Info: Output file is already uptodate.

<thesis_plots/apndx/rlcsMain_motif_trial_0_1n_322016_05_08_19_14_28-eps-convert
ed-to.pdf, id=3088, 578.16pt x 433.62pt>
File: thesis_plots/apndx/rlcsMain_motif_trial_0_1n_322016_05_08_19_14_28-eps-co
nverted-to.pdf Graphic file (type pdf)

<use thesis_plots/apndx/rlcsMain_motif_trial_0_1n_322016_05_08_19_14_28-eps-con
verted-to.pdf>
Package pdftex.def Info: thesis_plots/apndx/rlcsMain_motif_trial_0_1n_322016_05
_08_19_14_28-eps-converted-to.pdf used on input line 834.
(pdftex.def)             Requested size: 215.64333pt x 161.7271pt.


LaTeX Warning: `h' float specifier changed to `ht'.


<thesis_plots/apndx/rlcsMain_score_trial_0_1n_422016_05_08_19_18_34.pdf, id=308
9, 1156.32pt x 1011.78pt>
File: thesis_plots/apndx/rlcsMain_score_trial_0_1n_422016_05_08_19_18_34.pdf Gr
aphic file (type pdf)

<use thesis_plots/apndx/rlcsMain_score_trial_0_1n_422016_05_08_19_18_34.pdf>
Package pdftex.def Info: thesis_plots/apndx/rlcsMain_score_trial_0_1n_422016_05
_08_19_18_34.pdf used on input line 843.
(pdftex.def)             Requested size: 215.64333pt x 188.6739pt.
Package epstopdf Info: Source file: <thesis_plots/apndx/rlcsMain_motif_trial_0_
1n_422016_05_08_19_18_33.eps>
(epstopdf)                    date: 2016-05-08 19:18:34
(epstopdf)                    size: 29124 bytes
(epstopdf)             Output file: <thesis_plots/apndx/rlcsMain_motif_trial_0_
1n_422016_05_08_19_18_33-eps-converted-to.pdf>
(epstopdf)                    date: 2016-05-08 19:19:09
(epstopdf)                    size: 17060 bytes
(epstopdf)             Command: <repstopdf --outfile=thesis_plots/apndx/rlcsMai
n_motif_trial_0_1n_422016_05_08_19_18_33-eps-converted-to.pdf thesis_plots/apnd
x/rlcsMain_motif_trial_0_1n_422016_05_08_19_18_33.eps>
(epstopdf)             \includegraphics on input line 847.
Package epstopdf Info: Output file is already uptodate.

<thesis_plots/apndx/rlcsMain_motif_trial_0_1n_422016_05_08_19_18_33-eps-convert
ed-to.pdf, id=3090, 578.16pt x 433.62pt>
File: thesis_plots/apndx/rlcsMain_motif_trial_0_1n_422016_05_08_19_18_33-eps-co
nverted-to.pdf Graphic file (type pdf)

<use thesis_plots/apndx/rlcsMain_motif_trial_0_1n_422016_05_08_19_18_33-eps-con
verted-to.pdf>
Package pdftex.def Info: thesis_plots/apndx/rlcsMain_motif_trial_0_1n_422016_05
_08_19_18_33-eps-converted-to.pdf used on input line 847.
(pdftex.def)             Requested size: 215.64333pt x 161.7271pt.


LaTeX Warning: `h' float specifier changed to `ht'.

[42

 </home/athul/machineLearning/neuralData/reports/thesis/thesis_plots/apndx/rlcs
Main_score_trial_0_1n_222016_05_08_19_04_26.pdf> </home/athul/machineLearning/n
euralData/reports/thesis/thesis_plots/apndx/rlcsMain_motif_trial_0_1n_222016_05
_08_19_04_26-eps-converted-to.pdf>] [43 </home/athul/machineLearning/neuralData
/reports/thesis/thesis_plots/apndx/rlcsMain_score_trial_0_1n_322016_05_08_19_14
_28.pdf> </home/athul/machineLearning/neuralData/reports/thesis/thesis_plots/ap
ndx/rlcsMain_motif_trial_0_1n_322016_05_08_19_14_28-eps-converted-to.pdf> </hom
e/athul/machineLearning/neuralData/reports/thesis/thesis_plots/apndx/rlcsMain_s
core_trial_0_1n_422016_05_08_19_18_34.pdf

pdfTeX warning: pdflatex (file /home/athul/machineLearning/neuralData/reports/t
hesis/thesis_plots/apndx/rlcsMain_score_trial_0_1n_422016_05_08_19_18_34.pdf): 
PDF inclusion: multiple pdfs with page group included in a single page
> </home/athul/machineLearning/neuralData/reports/thesis/thesis_plots/apndx/rlc
sMain_motif_trial_0_1n_422016_05_08_19_18_33-eps-converted-to.pdf>]
<thesis_plots/apndx/rlcsMain_backtrack_n1_1_n2_302016_05_08_19_22_31.pdf, id=40
93, 1156.32pt x 1011.78pt>
File: thesis_plots/apndx/rlcsMain_backtrack_n1_1_n2_302016_05_08_19_22_31.pdf G
raphic file (type pdf)

<use thesis_plots/apndx/rlcsMain_backtrack_n1_1_n2_302016_05_08_19_22_31.pdf>
Package pdftex.def Info: thesis_plots/apndx/rlcsMain_backtrack_n1_1_n2_302016_0
5_08_19_22_31.pdf used on input line 860.
(pdftex.def)             Requested size: 215.64333pt x 188.6739pt.
Package epstopdf Info: Source file: <thesis_plots/apndx/rlcsMain_getSegs_1_n2_3
02016_05_08_19_22_31.eps>
(epstopdf)                    date: 2016-05-08 19:22:31
(epstopdf)                    size: 31024 bytes
(epstopdf)             Output file: <thesis_plots/apndx/rlcsMain_getSegs_1_n2_3
02016_05_08_19_22_31-eps-converted-to.pdf>
(epstopdf)                    date: 2016-05-08 19:24:09
(epstopdf)                    size: 19926 bytes
(epstopdf)             Command: <repstopdf --outfile=thesis_plots/apndx/rlcsMai
n_getSegs_1_n2_302016_05_08_19_22_31-eps-converted-to.pdf thesis_plots/apndx/rl
csMain_getSegs_1_n2_302016_05_08_19_22_31.eps>
(epstopdf)             \includegraphics on input line 864.
Package epstopdf Info: Output file is already uptodate.

<thesis_plots/apndx/rlcsMain_getSegs_1_n2_302016_05_08_19_22_31-eps-converted-t
o.pdf, id=4094, 578.16pt x 433.62pt>
File: thesis_plots/apndx/rlcsMain_getSegs_1_n2_302016_05_08_19_22_31-eps-conver
ted-to.pdf Graphic file (type pdf)

<use thesis_plots/apndx/rlcsMain_getSegs_1_n2_302016_05_08_19_22_31-eps-convert
ed-to.pdf>
Package pdftex.def Info: thesis_plots/apndx/rlcsMain_getSegs_1_n2_302016_05_08_
19_22_31-eps-converted-to.pdf used on input line 864.
(pdftex.def)             Requested size: 215.64333pt x 161.7271pt.

<thesis_plots/apndx/rlcsMain_backtrack_n1_11_n2_222016_05_08_19_25_22.pdf, id=4
095, 1156.32pt x 1011.78pt>
File: thesis_plots/apndx/rlcsMain_backtrack_n1_11_n2_222016_05_08_19_25_22.pdf 
Graphic file (type pdf)

<use thesis_plots/apndx/rlcsMain_backtrack_n1_11_n2_222016_05_08_19_25_22.pdf>
Package pdftex.def Info: thesis_plots/apndx/rlcsMain_backtrack_n1_11_n2_222016_
05_08_19_25_22.pdf used on input line 873.
(pdftex.def)             Requested size: 215.64333pt x 188.6739pt.
Package epstopdf Info: Source file: <thesis_plots/apndx/rlcsMain_getSegs_11_n2_
222016_05_08_19_25_22.eps>
(epstopdf)                    date: 2016-05-08 19:25:22
(epstopdf)                    size: 31606 bytes
(epstopdf)             Output file: <thesis_plots/apndx/rlcsMain_getSegs_11_n2_
222016_05_08_19_25_22-eps-converted-to.pdf>
(epstopdf)                    date: 2016-05-08 19:27:08
(epstopdf)                    size: 19730 bytes
(epstopdf)             Command: <repstopdf --outfile=thesis_plots/apndx/rlcsMai
n_getSegs_11_n2_222016_05_08_19_25_22-eps-converted-to.pdf thesis_plots/apndx/r
lcsMain_getSegs_11_n2_222016_05_08_19_25_22.eps>
(epstopdf)             \includegraphics on input line 877.
Package epstopdf Info: Output file is already uptodate.

<thesis_plots/apndx/rlcsMain_getSegs_11_n2_222016_05_08_19_25_22-eps-converted-
to.pdf, id=4096, 578.16pt x 433.62pt>
File: thesis_plots/apndx/rlcsMain_getSegs_11_n2_222016_05_08_19_25_22-eps-conve
rted-to.pdf Graphic file (type pdf)

<use thesis_plots/apndx/rlcsMain_getSegs_11_n2_222016_05_08_19_25_22-eps-conver
ted-to.pdf>
Package pdftex.def Info: thesis_plots/apndx/rlcsMain_getSegs_11_n2_222016_05_08
_19_25_22-eps-converted-to.pdf used on input line 877.
(pdftex.def)             Requested size: 215.64333pt x 161.7271pt.

<thesis_plots/apndx/rlcsMain_backtrack_n1_8_n2_182016_05_08_19_30_23.pdf, id=40
97, 1156.32pt x 1011.78pt>
File: thesis_plots/apndx/rlcsMain_backtrack_n1_8_n2_182016_05_08_19_30_23.pdf G
raphic file (type pdf)

<use thesis_plots/apndx/rlcsMain_backtrack_n1_8_n2_182016_05_08_19_30_23.pdf>
Package pdftex.def Info: thesis_plots/apndx/rlcsMain_backtrack_n1_8_n2_182016_0
5_08_19_30_23.pdf used on input line 886.
(pdftex.def)             Requested size: 215.64333pt x 188.6739pt.
Package epstopdf Info: Source file: <thesis_plots/apndx/rlcsMain_getSegs_8_n2_1
82016_05_08_19_30_23.eps>
(epstopdf)                    date: 2016-05-08 19:30:23
(epstopdf)                    size: 30341 bytes
(epstopdf)             Output file: <thesis_plots/apndx/rlcsMain_getSegs_8_n2_1
82016_05_08_19_30_23-eps-converted-to.pdf>
(epstopdf)                    date: 2016-05-08 19:31:23
(epstopdf)                    size: 19191 bytes
(epstopdf)             Command: <repstopdf --outfile=thesis_plots/apndx/rlcsMai
n_getSegs_8_n2_182016_05_08_19_30_23-eps-converted-to.pdf thesis_plots/apndx/rl
csMain_getSegs_8_n2_182016_05_08_19_30_23.eps>
(epstopdf)             \includegraphics on input line 890.
Package epstopdf Info: Output file is already uptodate.

<thesis_plots/apndx/rlcsMain_getSegs_8_n2_182016_05_08_19_30_23-eps-converted-t
o.pdf, id=4098, 578.16pt x 433.62pt>
File: thesis_plots/apndx/rlcsMain_getSegs_8_n2_182016_05_08_19_30_23-eps-conver
ted-to.pdf Graphic file (type pdf)

<use thesis_plots/apndx/rlcsMain_getSegs_8_n2_182016_05_08_19_30_23-eps-convert
ed-to.pdf>
Package pdftex.def Info: thesis_plots/apndx/rlcsMain_getSegs_8_n2_182016_05_08_
19_30_23-eps-converted-to.pdf used on input line 890.
(pdftex.def)             Requested size: 215.64333pt x 161.7271pt.


LaTeX Warning: `h' float specifier changed to `ht'.

[44

 </home/athul/machineLearning/neuralData/reports/thesis/thesis_plots/apndx/rlcs
Main_backtrack_n1_1_n2_302016_05_08_19_22_31.pdf> </home/athul/machineLearning/
neuralData/reports/thesis/thesis_plots/apndx/rlcsMain_getSegs_1_n2_302016_05_08
_19_22_31-eps-converted-to.pdf> </home/athul/machineLearning/neuralData/reports
/thesis/thesis_plots/apndx/rlcsMain_backtrack_n1_11_n2_222016_05_08_19_25_22.pd
f

pdfTeX warning: pdflatex (file /home/athul/machineLearning/neuralData/reports/t
hesis/thesis_plots/apndx/rlcsMain_backtrack_n1_11_n2_222016_05_08_19_25_22.pdf)
: PDF inclusion: multiple pdfs with page group included in a single page
> </home/athul/machineLearning/neuralData/reports/thesis/thesis_plots/apndx/rlc
sMain_getSegs_11_n2_222016_05_08_19_25_22-eps-converted-to.pdf>]
<thesis_plots/apndx/rlcsMain_backtrack_mice_2016_05_08_19_51_44.pdf, id=4786, 1
156.32pt x 1011.78pt>
File: thesis_plots/apndx/rlcsMain_backtrack_mice_2016_05_08_19_51_44.pdf Graphi
c file (type pdf)

<use thesis_plots/apndx/rlcsMain_backtrack_mice_2016_05_08_19_51_44.pdf>
Package pdftex.def Info: thesis_plots/apndx/rlcsMain_backtrack_mice_2016_05_08_
19_51_44.pdf used on input line 902.
(pdftex.def)             Requested size: 215.64333pt x 188.6739pt.
Package epstopdf Info: Source file: <thesis_plots/apndx/rlcsMain_getSegs_mice20
16_05_08_19_51_44.eps>
(epstopdf)                    date: 2016-05-08 19:51:44
(epstopdf)                    size: 30641 bytes
(epstopdf)             Output file: <thesis_plots/apndx/rlcsMain_getSegs_mice20
16_05_08_19_51_44-eps-converted-to.pdf>
(epstopdf)                    date: 2016-05-08 19:58:26
(epstopdf)                    size: 19084 bytes
(epstopdf)             Command: <repstopdf --outfile=thesis_plots/apndx/rlcsMai
n_getSegs_mice2016_05_08_19_51_44-eps-converted-to.pdf thesis_plots/apndx/rlcsM
ain_getSegs_mice2016_05_08_19_51_44.eps>
(epstopdf)             \includegraphics on input line 906.
Package epstopdf Info: Output file is already uptodate.

<thesis_plots/apndx/rlcsMain_getSegs_mice2016_05_08_19_51_44-eps-converted-to.p
df, id=4787, 578.16pt x 433.62pt>
File: thesis_plots/apndx/rlcsMain_getSegs_mice2016_05_08_19_51_44-eps-converted
-to.pdf Graphic file (type pdf)

<use thesis_plots/apndx/rlcsMain_getSegs_mice2016_05_08_19_51_44-eps-converted-
to.pdf>
Package pdftex.def Info: thesis_plots/apndx/rlcsMain_getSegs_mice2016_05_08_19_
51_44-eps-converted-to.pdf used on input line 906.
(pdftex.def)             Requested size: 215.64333pt x 161.7271pt.

<thesis_plots/apndx/rlcsMain_backtrack_mice_2016_05_08_19_48_28.pdf, id=4788, 1
156.32pt x 1011.78pt>
File: thesis_plots/apndx/rlcsMain_backtrack_mice_2016_05_08_19_48_28.pdf Graphi
c file (type pdf)

<use thesis_plots/apndx/rlcsMain_backtrack_mice_2016_05_08_19_48_28.pdf>
Package pdftex.def Info: thesis_plots/apndx/rlcsMain_backtrack_mice_2016_05_08_
19_48_28.pdf used on input line 915.
(pdftex.def)             Requested size: 215.64333pt x 188.6739pt.
Package epstopdf Info: Source file: <thesis_plots/apndx/rlcsMain_getSegs_mice20
16_05_08_19_48_28.eps>
(epstopdf)                    date: 2016-05-08 19:48:28
(epstopdf)                    size: 32402 bytes
(epstopdf)             Output file: <thesis_plots/apndx/rlcsMain_getSegs_mice20
16_05_08_19_48_28-eps-converted-to.pdf>
(epstopdf)                    date: 2016-05-08 19:58:27
(epstopdf)                    size: 20685 bytes
(epstopdf)             Command: <repstopdf --outfile=thesis_plots/apndx/rlcsMai
n_getSegs_mice2016_05_08_19_48_28-eps-converted-to.pdf thesis_plots/apndx/rlcsM
ain_getSegs_mice2016_05_08_19_48_28.eps>
(epstopdf)             \includegraphics on input line 919.
Package epstopdf Info: Output file is already uptodate.

<thesis_plots/apndx/rlcsMain_getSegs_mice2016_05_08_19_48_28-eps-converted-to.p
df, id=4789, 578.16pt x 433.62pt>
File: thesis_plots/apndx/rlcsMain_getSegs_mice2016_05_08_19_48_28-eps-converted
-to.pdf Graphic file (type pdf)

<use thesis_plots/apndx/rlcsMain_getSegs_mice2016_05_08_19_48_28-eps-converted-
to.pdf>
Package pdftex.def Info: thesis_plots/apndx/rlcsMain_getSegs_mice2016_05_08_19_
48_28-eps-converted-to.pdf used on input line 919.
(pdftex.def)             Requested size: 215.64333pt x 161.7271pt.


LaTeX Warning: `h' float specifier changed to `ht'.


<thesis_plots/apndx/rlcsMain_backtrack_mice_2016_05_08_19_52_57.pdf, id=4790, 1
156.32pt x 1011.78pt>
File: thesis_plots/apndx/rlcsMain_backtrack_mice_2016_05_08_19_52_57.pdf Graphi
c file (type pdf)

<use thesis_plots/apndx/rlcsMain_backtrack_mice_2016_05_08_19_52_57.pdf>
Package pdftex.def Info: thesis_plots/apndx/rlcsMain_backtrack_mice_2016_05_08_
19_52_57.pdf used on input line 928.
(pdftex.def)             Requested size: 215.64333pt x 188.6739pt.
Package epstopdf Info: Source file: <thesis_plots/apndx/rlcsMain_getSegs_mice20
16_05_08_19_52_57.eps>
(epstopdf)                    date: 2016-05-08 19:52:57
(epstopdf)                    size: 32109 bytes
(epstopdf)             Output file: <thesis_plots/apndx/rlcsMain_getSegs_mice20
16_05_08_19_52_57-eps-converted-to.pdf>
(epstopdf)                    date: 2016-05-08 19:58:27
(epstopdf)                    size: 19503 bytes
(epstopdf)             Command: <repstopdf --outfile=thesis_plots/apndx/rlcsMai
n_getSegs_mice2016_05_08_19_52_57-eps-converted-to.pdf thesis_plots/apndx/rlcsM
ain_getSegs_mice2016_05_08_19_52_57.eps>
(epstopdf)             \includegraphics on input line 932.
Package epstopdf Info: Output file is already uptodate.

<thesis_plots/apndx/rlcsMain_getSegs_mice2016_05_08_19_52_57-eps-converted-to.p
df, id=4791, 578.16pt x 433.62pt>
File: thesis_plots/apndx/rlcsMain_getSegs_mice2016_05_08_19_52_57-eps-converted
-to.pdf Graphic file (type pdf)

<use thesis_plots/apndx/rlcsMain_getSegs_mice2016_05_08_19_52_57-eps-converted-
to.pdf>
Package pdftex.def Info: thesis_plots/apndx/rlcsMain_getSegs_mice2016_05_08_19_
52_57-eps-converted-to.pdf used on input line 932.
(pdftex.def)             Requested size: 215.64333pt x 161.7271pt.


LaTeX Warning: `h' float specifier changed to `ht'.

[45 </home/athul/machineLearning/neuralData/reports/thesis/thesis_plots/apndx/r
lcsMain_backtrack_n1_8_n2_182016_05_08_19_30_23.pdf> </home/athul/machineLearni
ng/neuralData/reports/thesis/thesis_plots/apndx/rlcsMain_getSegs_8_n2_182016_05
_08_19_30_23-eps-converted-to.pdf> </home/athul/machineLearning/neuralData/repo
rts/thesis/thesis_plots/apndx/rlcsMain_backtrack_mice_2016_05_08_19_51_44.pdf

pdfTeX warning: pdflatex (file /home/athul/machineLearning/neuralData/reports/t
hesis/thesis_plots/apndx/rlcsMain_backtrack_mice_2016_05_08_19_51_44.pdf): PDF 
inclusion: multiple pdfs with page group included in a single page
> </home/athul/machineLearning/neuralData/reports/thesis/thesis_plots/apndx/rlc
sMain_getSegs_mice2016_05_08_19_51_44-eps-converted-to.pdf>]
(/home/athul/machineLearning/neuralData/reports/thesis/thesis.bbl [46 </home/at
hul/machineLearning/neuralData/reports/thesis/thesis_plots/apndx/rlcsMain_backt
rack_mice_2016_05_08_19_48_28.pdf> </home/athul/machineLearning/neuralData/repo
rts/thesis/thesis_plots/apndx/rlcsMain_getSegs_mice2016_05_08_19_48_28-eps-conv
erted-to.pdf> </home/athul/machineLearning/neuralData/reports/thesis/thesis_plo
ts/apndx/rlcsMain_backtrack_mice_2016_05_08_19_52_57.pdf

pdfTeX warning: pdflatex (file /home/athul/machineLearning/neuralData/reports/t
hesis/thesis_plots/apndx/rlcsMain_backtrack_mice_2016_05_08_19_52_57.pdf): PDF 
inclusion: multiple pdfs with page group included in a single page
> </home/athul/machineLearning/neuralData/reports/thesis/thesis_plots/apndx/rlc
sMain_getSegs_mice2016_05_08_19_52_57-eps-converted-to.pdf>]
LaTeX Font Info:    Try loading font information for OT1+pxtt on input line 28.


(/usr/share/texlive/texmf-dist/tex/latex/pxfonts/ot1pxtt.fd
File: ot1pxtt.fd 2000/12/14 v1.0
))
Package atveryend Info: Empty hook `BeforeClearDocument' on input line 948.
 [47

]
Package atveryend Info: Empty hook `AfterLastShipout' on input line 948.

(/home/athul/machineLearning/neuralData/reports/thesis/thesis.aux)
Package atveryend Info: Executing hook `AtVeryEndDocument' on input line 948.
Package atveryend Info: Executing hook `AtEndAfterFileList' on input line 948.
Package rerunfilecheck Info: File `thesis.out' has not changed.
(rerunfilecheck)             Checksum: 1C3ACA5CC88406A50ABC478C37E3DDB5;2280.


LaTeX Warning: There were multiply-defined labels.

Package atveryend Info: Empty hook `AtVeryVeryEnd' on input line 948.
 ) 
Here is how much of TeX's memory you used:
 9959 strings out of 495000
 159453 string characters out of 6181170
 237007 words of memory out of 5000000
 12789 multiletter control sequences out of 15000+600000
 30182 words of font info for 88 fonts, out of 8000000 for 9000
 14 hyphenation exceptions out of 8191
 43i,9n,40p,1308b,460s stack positions out of 5000i,500n,10000p,200000b,80000s
{/usr/share/texlive/texmf-dist/fonts/enc/dvips/base/8r.enc}</usr/share/texliv
e/texmf-dist/fonts/type1/public/pxfonts/pxex.pfb></usr/share/texlive/texmf-dist
/fonts/type1/public/pxfonts/pxsy.pfb></usr/share/texlive/texmf-dist/fonts/type1
/public/pxfonts/pxsyc.pfb></usr/share/texlive/texmf-dist/fonts/type1/public/pxf
onts/rpxb.pfb></usr/share/texlive/texmf-dist/fonts/type1/public/pxfonts/rpxi.pf
b></usr/share/texlive/texmf-dist/fonts/type1/public/pxfonts/rpxmi.pfb></usr/sha
re/texlive/texmf-dist/fonts/type1/public/pxfonts/rpxr.pfb></usr/share/texlive/t
exmf-dist/fonts/type1/public/pxfonts/rpxsc.pfb></usr/share/texlive/texmf-dist/f
onts/type1/public/txfonts/txtt.pfb></usr/share/texlive/texmf-dist/fonts/type1/u
rw/palatino/uplb8a.pfb></usr/share/texlive/texmf-dist/fonts/type1/urw/palatino/
uplr8a.pfb></usr/share/texlive/texmf-dist/fonts/type1/urw/palatino/uplri8a.pfb>

Output written on /home/athul/machineLearning/neuralData/reports/thesis/thesis.
pdf (59 pages, 6982629 bytes).
PDF statistics:
 6248 PDF objects out of 7423 (max. 8388607)
 995 compressed objects within 10 object streams
 150 named destinations out of 1000 (max. 500000)
 528 words of extra memory for PDF output out of 10000 (max. 10000000)

