This is pdfTeX, Version 3.14159265-2.6-1.40.16 (TeX Live 2015/Debian) (preloaded format=pdflatex 2016.3.2)  8 MAY 2016 17:32
entering extended mode
 restricted \write18 enabled.
 %&-line parsing enabled.
**report.tex

(/home/athul/machineLearning/neuralData/reports/drifting sine gratings/report.t
ex
LaTeX2e <2015/01/01>
Babel <3.9l> and hyphenation patterns for 2 languages loaded.
(/usr/share/texlive/texmf-dist/tex/latex/base/article.cls
Document Class: article 2014/09/29 v1.4h Standard LaTeX document class
(/usr/share/texlive/texmf-dist/tex/latex/base/size11.clo
File: size11.clo 2014/09/29 v1.4h Standard LaTeX file (size option)
)
\c@part=\count79
\c@section=\count80
\c@subsection=\count81
\c@subsubsection=\count82
\c@paragraph=\count83
\c@subparagraph=\count84
\c@figure=\count85
\c@table=\count86
\abovecaptionskip=\skip41
\belowcaptionskip=\skip42
\bibindent=\dimen102
)
(/usr/share/texlive/texmf-dist/tex/latex/base/inputenc.sty
Package: inputenc 2015/03/17 v1.2c Input encoding file
\inpenc@prehook=\toks14
\inpenc@posthook=\toks15

(/usr/share/texlive/texmf-dist/tex/latex/base/utf8.def
File: utf8.def 2014/09/29 v1.1m UTF-8 support for inputenc
Now handling font encoding OML ...
... no UTF-8 mapping file for font encoding OML
Now handling font encoding T1 ...
... processing UTF-8 mapping file for font encoding T1

(/usr/share/texlive/texmf-dist/tex/latex/base/t1enc.dfu
File: t1enc.dfu 2014/09/29 v1.1m UTF-8 support for inputenc
   defining Unicode char U+00A1 (decimal 161)
   defining Unicode char U+00A3 (decimal 163)
   defining Unicode char U+00AB (decimal 171)
   defining Unicode char U+00BB (decimal 187)
   defining Unicode char U+00BF (decimal 191)
   defining Unicode char U+00C0 (decimal 192)
   defining Unicode char U+00C1 (decimal 193)
   defining Unicode char U+00C2 (decimal 194)
   defining Unicode char U+00C3 (decimal 195)
   defining Unicode char U+00C4 (decimal 196)
   defining Unicode char U+00C5 (decimal 197)
   defining Unicode char U+00C6 (decimal 198)
   defining Unicode char U+00C7 (decimal 199)
   defining Unicode char U+00C8 (decimal 200)
   defining Unicode char U+00C9 (decimal 201)
   defining Unicode char U+00CA (decimal 202)
   defining Unicode char U+00CB (decimal 203)
   defining Unicode char U+00CC (decimal 204)
   defining Unicode char U+00CD (decimal 205)
   defining Unicode char U+00CE (decimal 206)
   defining Unicode char U+00CF (decimal 207)
   defining Unicode char U+00D0 (decimal 208)
   defining Unicode char U+00D1 (decimal 209)
   defining Unicode char U+00D2 (decimal 210)
   defining Unicode char U+00D3 (decimal 211)
   defining Unicode char U+00D4 (decimal 212)
   defining Unicode char U+00D5 (decimal 213)
   defining Unicode char U+00D6 (decimal 214)
   defining Unicode char U+00D8 (decimal 216)
   defining Unicode char U+00D9 (decimal 217)
   defining Unicode char U+00DA (decimal 218)
   defining Unicode char U+00DB (decimal 219)
   defining Unicode char U+00DC (decimal 220)
   defining Unicode char U+00DD (decimal 221)
   defining Unicode char U+00DE (decimal 222)
   defining Unicode char U+00DF (decimal 223)
   defining Unicode char U+00E0 (decimal 224)
   defining Unicode char U+00E1 (decimal 225)
   defining Unicode char U+00E2 (decimal 226)
   defining Unicode char U+00E3 (decimal 227)
   defining Unicode char U+00E4 (decimal 228)
   defining Unicode char U+00E5 (decimal 229)
   defining Unicode char U+00E6 (decimal 230)
   defining Unicode char U+00E7 (decimal 231)
   defining Unicode char U+00E8 (decimal 232)
   defining Unicode char U+00E9 (decimal 233)
   defining Unicode char U+00EA (decimal 234)
   defining Unicode char U+00EB (decimal 235)
   defining Unicode char U+00EC (decimal 236)
   defining Unicode char U+00ED (decimal 237)
   defining Unicode char U+00EE (decimal 238)
   defining Unicode char U+00EF (decimal 239)
   defining Unicode char U+00F0 (decimal 240)
   defining Unicode char U+00F1 (decimal 241)
   defining Unicode char U+00F2 (decimal 242)
   defining Unicode char U+00F3 (decimal 243)
   defining Unicode char U+00F4 (decimal 244)
   defining Unicode char U+00F5 (decimal 245)
   defining Unicode char U+00F6 (decimal 246)
   defining Unicode char U+00F8 (decimal 248)
   defining Unicode char U+00F9 (decimal 249)
   defining Unicode char U+00FA (decimal 250)
   defining Unicode char U+00FB (decimal 251)
   defining Unicode char U+00FC (decimal 252)
   defining Unicode char U+00FD (decimal 253)
   defining Unicode char U+00FE (decimal 254)
   defining Unicode char U+00FF (decimal 255)
   defining Unicode char U+0102 (decimal 258)
   defining Unicode char U+0103 (decimal 259)
   defining Unicode char U+0104 (decimal 260)
   defining Unicode char U+0105 (decimal 261)
   defining Unicode char U+0106 (decimal 262)
   defining Unicode char U+0107 (decimal 263)
   defining Unicode char U+010C (decimal 268)
   defining Unicode char U+010D (decimal 269)
   defining Unicode char U+010E (decimal 270)
   defining Unicode char U+010F (decimal 271)
   defining Unicode char U+0110 (decimal 272)
   defining Unicode char U+0111 (decimal 273)
   defining Unicode char U+0118 (decimal 280)
   defining Unicode char U+0119 (decimal 281)
   defining Unicode char U+011A (decimal 282)
   defining Unicode char U+011B (decimal 283)
   defining Unicode char U+011E (decimal 286)
   defining Unicode char U+011F (decimal 287)
   defining Unicode char U+0130 (decimal 304)
   defining Unicode char U+0131 (decimal 305)
   defining Unicode char U+0132 (decimal 306)
   defining Unicode char U+0133 (decimal 307)
   defining Unicode char U+0139 (decimal 313)
   defining Unicode char U+013A (decimal 314)
   defining Unicode char U+013D (decimal 317)
   defining Unicode char U+013E (decimal 318)
   defining Unicode char U+0141 (decimal 321)
   defining Unicode char U+0142 (decimal 322)
   defining Unicode char U+0143 (decimal 323)
   defining Unicode char U+0144 (decimal 324)
   defining Unicode char U+0147 (decimal 327)
   defining Unicode char U+0148 (decimal 328)
   defining Unicode char U+014A (decimal 330)
   defining Unicode char U+014B (decimal 331)
   defining Unicode char U+0150 (decimal 336)
   defining Unicode char U+0151 (decimal 337)
   defining Unicode char U+0152 (decimal 338)
   defining Unicode char U+0153 (decimal 339)
   defining Unicode char U+0154 (decimal 340)
   defining Unicode char U+0155 (decimal 341)
   defining Unicode char U+0158 (decimal 344)
   defining Unicode char U+0159 (decimal 345)
   defining Unicode char U+015A (decimal 346)
   defining Unicode char U+015B (decimal 347)
   defining Unicode char U+015E (decimal 350)
   defining Unicode char U+015F (decimal 351)
   defining Unicode char U+0160 (decimal 352)
   defining Unicode char U+0161 (decimal 353)
   defining Unicode char U+0162 (decimal 354)
   defining Unicode char U+0163 (decimal 355)
   defining Unicode char U+0164 (decimal 356)
   defining Unicode char U+0165 (decimal 357)
   defining Unicode char U+016E (decimal 366)
   defining Unicode char U+016F (decimal 367)
   defining Unicode char U+0170 (decimal 368)
   defining Unicode char U+0171 (decimal 369)
   defining Unicode char U+0178 (decimal 376)
   defining Unicode char U+0179 (decimal 377)
   defining Unicode char U+017A (decimal 378)
   defining Unicode char U+017B (decimal 379)
   defining Unicode char U+017C (decimal 380)
   defining Unicode char U+017D (decimal 381)
   defining Unicode char U+017E (decimal 382)
   defining Unicode char U+200C (decimal 8204)
   defining Unicode char U+2013 (decimal 8211)
   defining Unicode char U+2014 (decimal 8212)
   defining Unicode char U+2018 (decimal 8216)
   defining Unicode char U+2019 (decimal 8217)
   defining Unicode char U+201A (decimal 8218)
   defining Unicode char U+201C (decimal 8220)
   defining Unicode char U+201D (decimal 8221)
   defining Unicode char U+201E (decimal 8222)
   defining Unicode char U+2030 (decimal 8240)
   defining Unicode char U+2031 (decimal 8241)
   defining Unicode char U+2039 (decimal 8249)
   defining Unicode char U+203A (decimal 8250)
   defining Unicode char U+2423 (decimal 9251)
)
Now handling font encoding OT1 ...
... processing UTF-8 mapping file for font encoding OT1

(/usr/share/texlive/texmf-dist/tex/latex/base/ot1enc.dfu
File: ot1enc.dfu 2014/09/29 v1.1m UTF-8 support for inputenc
   defining Unicode char U+00A1 (decimal 161)
   defining Unicode char U+00A3 (decimal 163)
   defining Unicode char U+00B8 (decimal 184)
   defining Unicode char U+00BF (decimal 191)
   defining Unicode char U+00C5 (decimal 197)
   defining Unicode char U+00C6 (decimal 198)
   defining Unicode char U+00D8 (decimal 216)
   defining Unicode char U+00DF (decimal 223)
   defining Unicode char U+00E6 (decimal 230)
   defining Unicode char U+00EC (decimal 236)
   defining Unicode char U+00ED (decimal 237)
   defining Unicode char U+00EE (decimal 238)
   defining Unicode char U+00EF (decimal 239)
   defining Unicode char U+00F8 (decimal 248)
   defining Unicode char U+0131 (decimal 305)
   defining Unicode char U+0141 (decimal 321)
   defining Unicode char U+0142 (decimal 322)
   defining Unicode char U+0152 (decimal 338)
   defining Unicode char U+0153 (decimal 339)
   defining Unicode char U+2013 (decimal 8211)
   defining Unicode char U+2014 (decimal 8212)
   defining Unicode char U+2018 (decimal 8216)
   defining Unicode char U+2019 (decimal 8217)
   defining Unicode char U+201C (decimal 8220)
   defining Unicode char U+201D (decimal 8221)
)
Now handling font encoding OMS ...
... processing UTF-8 mapping file for font encoding OMS

(/usr/share/texlive/texmf-dist/tex/latex/base/omsenc.dfu
File: omsenc.dfu 2014/09/29 v1.1m UTF-8 support for inputenc
   defining Unicode char U+00A7 (decimal 167)
   defining Unicode char U+00B6 (decimal 182)
   defining Unicode char U+00B7 (decimal 183)
   defining Unicode char U+2020 (decimal 8224)
   defining Unicode char U+2021 (decimal 8225)
   defining Unicode char U+2022 (decimal 8226)
)
Now handling font encoding OMX ...
... no UTF-8 mapping file for font encoding OMX
Now handling font encoding U ...
... no UTF-8 mapping file for font encoding U
   defining Unicode char U+00A9 (decimal 169)
   defining Unicode char U+00AA (decimal 170)
   defining Unicode char U+00AE (decimal 174)
   defining Unicode char U+00BA (decimal 186)
   defining Unicode char U+02C6 (decimal 710)
   defining Unicode char U+02DC (decimal 732)
   defining Unicode char U+200C (decimal 8204)
   defining Unicode char U+2026 (decimal 8230)
   defining Unicode char U+2122 (decimal 8482)
   defining Unicode char U+2423 (decimal 9251)
))
(/usr/share/texlive/texmf-dist/tex/latex/geometry/geometry.sty
Package: geometry 2010/09/12 v5.6 Page Geometry

(/usr/share/texlive/texmf-dist/tex/latex/graphics/keyval.sty
Package: keyval 2014/10/28 v1.15 key=value parser (DPC)
\KV@toks@=\toks16
)
(/usr/share/texlive/texmf-dist/tex/generic/oberdiek/ifpdf.sty
Package: ifpdf 2011/01/30 v2.3 Provides the ifpdf switch (HO)
Package ifpdf Info: pdfTeX in PDF mode is detected.
)
(/usr/share/texlive/texmf-dist/tex/generic/oberdiek/ifvtex.sty
Package: ifvtex 2010/03/01 v1.5 Detect VTeX and its facilities (HO)
Package ifvtex Info: VTeX not detected.
)
(/usr/share/texlive/texmf-dist/tex/generic/ifxetex/ifxetex.sty
Package: ifxetex 2010/09/12 v0.6 Provides ifxetex conditional
)
\Gm@cnth=\count87
\Gm@cntv=\count88
\c@Gm@tempcnt=\count89
\Gm@bindingoffset=\dimen103
\Gm@wd@mp=\dimen104
\Gm@odd@mp=\dimen105
\Gm@even@mp=\dimen106
\Gm@layoutwidth=\dimen107
\Gm@layoutheight=\dimen108
\Gm@layouthoffset=\dimen109
\Gm@layoutvoffset=\dimen110
\Gm@dimlist=\toks17
)
(/usr/share/texlive/texmf-dist/tex/latex/amsmath/amsmath.sty
Package: amsmath 2013/01/14 v2.14 AMS math features
\@mathmargin=\skip43

For additional information on amsmath, use the `?' option.
(/usr/share/texlive/texmf-dist/tex/latex/amsmath/amstext.sty
Package: amstext 2000/06/29 v2.01

(/usr/share/texlive/texmf-dist/tex/latex/amsmath/amsgen.sty
File: amsgen.sty 1999/11/30 v2.0
\@emptytoks=\toks18
\ex@=\dimen111
))
(/usr/share/texlive/texmf-dist/tex/latex/amsmath/amsbsy.sty
Package: amsbsy 1999/11/29 v1.2d
\pmbraise@=\dimen112
)
(/usr/share/texlive/texmf-dist/tex/latex/amsmath/amsopn.sty
Package: amsopn 1999/12/14 v2.01 operator names
)
\inf@bad=\count90
LaTeX Info: Redefining \frac on input line 210.
\uproot@=\count91
\leftroot@=\count92
LaTeX Info: Redefining \overline on input line 306.
\classnum@=\count93
\DOTSCASE@=\count94
LaTeX Info: Redefining \ldots on input line 378.
LaTeX Info: Redefining \dots on input line 381.
LaTeX Info: Redefining \cdots on input line 466.
\Mathstrutbox@=\box26
\strutbox@=\box27
\big@size=\dimen113
LaTeX Font Info:    Redeclaring font encoding OML on input line 566.
LaTeX Font Info:    Redeclaring font encoding OMS on input line 567.
\macc@depth=\count95
\c@MaxMatrixCols=\count96
\dotsspace@=\muskip10
\c@parentequation=\count97
\dspbrk@lvl=\count98
\tag@help=\toks19
\row@=\count99
\column@=\count100
\maxfields@=\count101
\andhelp@=\toks20
\eqnshift@=\dimen114
\alignsep@=\dimen115
\tagshift@=\dimen116
\tagwidth@=\dimen117
\totwidth@=\dimen118
\lineht@=\dimen119
\@envbody=\toks21
\multlinegap=\skip44
\multlinetaggap=\skip45
\mathdisplay@stack=\toks22
LaTeX Info: Redefining \[ on input line 2665.
LaTeX Info: Redefining \] on input line 2666.
)
(/usr/share/texlive/texmf-dist/tex/latex/xcolor/xcolor.sty
Package: xcolor 2007/01/21 v2.11 LaTeX color extensions (UK)

(/usr/share/texlive/texmf-dist/tex/latex/latexconfig/color.cfg
File: color.cfg 2007/01/18 v1.5 color configuration of teTeX/TeXLive
)
Package xcolor Info: Driver file: pdftex.def on input line 225.

(/usr/share/texlive/texmf-dist/tex/latex/pdftex-def/pdftex.def
File: pdftex.def 2011/05/27 v0.06d Graphics/color for pdfTeX

(/usr/share/texlive/texmf-dist/tex/generic/oberdiek/infwarerr.sty
Package: infwarerr 2010/04/08 v1.3 Providing info/warning/error messages (HO)
)
(/usr/share/texlive/texmf-dist/tex/generic/oberdiek/ltxcmds.sty
Package: ltxcmds 2011/11/09 v1.22 LaTeX kernel commands for general use (HO)
)
\Gread@gobject=\count102
)
(/usr/share/texlive/texmf-dist/tex/latex/colortbl/colortbl.sty
Package: colortbl 2012/02/13 v1.0a Color table columns (DPC)

(/usr/share/texlive/texmf-dist/tex/latex/tools/array.sty
Package: array 2014/10/28 v2.4c Tabular extension package (FMi)
\col@sep=\dimen120
\extrarowheight=\dimen121
\NC@list=\toks23
\extratabsurround=\skip46
\backup@length=\skip47
)
\everycr=\toks24
\minrowclearance=\skip48
)
\rownum=\count103
Package xcolor Info: Model `cmy' substituted by `cmy0' on input line 1337.
Package xcolor Info: Model `hsb' substituted by `rgb' on input line 1341.
Package xcolor Info: Model `RGB' extended on input line 1353.
Package xcolor Info: Model `HTML' substituted by `rgb' on input line 1355.
Package xcolor Info: Model `Hsb' substituted by `hsb' on input line 1356.
Package xcolor Info: Model `tHsb' substituted by `hsb' on input line 1357.
Package xcolor Info: Model `HSB' substituted by `hsb' on input line 1358.
Package xcolor Info: Model `Gray' substituted by `gray' on input line 1359.
Package xcolor Info: Model `wave' substituted by `hsb' on input line 1360.
)
(/usr/share/texlive/texmf-dist/tex/latex/amsfonts/amssymb.sty
Package: amssymb 2013/01/14 v3.01 AMS font symbols

(/usr/share/texlive/texmf-dist/tex/latex/amsfonts/amsfonts.sty
Package: amsfonts 2013/01/14 v3.01 Basic AMSFonts support
\symAMSa=\mathgroup4
\symAMSb=\mathgroup5
LaTeX Font Info:    Overwriting math alphabet `\mathfrak' in version `bold'
(Font)                  U/euf/m/n --> U/euf/b/n on input line 106.
))
(/usr/share/texlive/texmf-dist/tex/latex/graphics/graphicx.sty
Package: graphicx 2014/10/28 v1.0g Enhanced LaTeX Graphics (DPC,SPQR)

(/usr/share/texlive/texmf-dist/tex/latex/graphics/graphics.sty
Package: graphics 2014/10/28 v1.0p Standard LaTeX Graphics (DPC,SPQR)

(/usr/share/texlive/texmf-dist/tex/latex/graphics/trig.sty
Package: trig 1999/03/16 v1.09 sin cos tan (DPC)
)
(/usr/share/texlive/texmf-dist/tex/latex/latexconfig/graphics.cfg
File: graphics.cfg 2010/04/23 v1.9 graphics configuration of TeX Live
)
Package graphics Info: Driver file: pdftex.def on input line 94.
)
\Gin@req@height=\dimen122
\Gin@req@width=\dimen123
)
(/usr/share/texlive/texmf-dist/tex/latex/appendix/appendix.sty
Package: appendix 2009/09/02 v1.2b extra appendix facilities
\c@@pps=\count104
\c@@ppsavesec=\count105
\c@@ppsaveapp=\count106
)
(/usr/share/texlive/texmf-dist/tex/latex/caption/subcaption.sty
Package: subcaption 2013/02/03 v1.1-62 Sub-captions (AR)

(/usr/share/texlive/texmf-dist/tex/latex/caption/caption.sty
Package: caption 2013/05/02 v3.3-89 Customizing captions (AR)

(/usr/share/texlive/texmf-dist/tex/latex/caption/caption3.sty
Package: caption3 2013/05/02 v1.6-88 caption3 kernel (AR)
Package caption3 Info: TeX engine: e-TeX on input line 57.
\captionmargin=\dimen124
\captionmargin@=\dimen125
\captionwidth=\dimen126
\caption@tempdima=\dimen127
\caption@indent=\dimen128
\caption@parindent=\dimen129
\caption@hangindent=\dimen130
)
\c@ContinuedFloat=\count107
)
\c@subfigure=\count108
\c@subtable=\count109
)
(/usr/share/texlive/texmf-dist/tex/latex/placeins/placeins.sty
Package: placeins 2005/04/18  v 2.2
)
(/usr/share/texlive/texmf-dist/tex/latex/rotating/rotating.sty
Package: rotating 2009/03/28 v2.16a rotated objects in LaTeX

(/usr/share/texlive/texmf-dist/tex/latex/base/ifthen.sty
Package: ifthen 2014/09/29 v1.1c Standard LaTeX ifthen package (DPC)
)
\c@r@tfl@t=\count110
\rotFPtop=\skip49
\rotFPbot=\skip50
\rot@float@box=\box28
\rot@mess@toks=\toks25
)
(/usr/share/texlive/texmf-dist/tex/latex/wrapfig/wrapfig.sty
\wrapoverhang=\dimen131
\WF@size=\dimen132
\c@WF@wrappedlines=\count111
\WF@box=\box29
\WF@everypar=\toks26
Package: wrapfig 2003/01/31  v 3.6
)
(/usr/share/texlive/texmf-dist/tex/latex/tools/bm.sty
Package: bm 2014/10/28 v1.1c Bold Symbol Support (DPC/FMi)
\symboldoperators=\mathgroup6
\symboldletters=\mathgroup7
\symboldsymbols=\mathgroup8
LaTeX Font Info:    Redeclaring math alphabet \mathbf on input line 141.
LaTeX Info: Redefining \bm on input line 207.
)
(/usr/share/texlive/texmf-dist/tex/generic/ulem/ulem.sty
\UL@box=\box30
\UL@hyphenbox=\box31
\UL@skip=\skip51
\UL@hook=\toks27
\UL@height=\dimen133
\UL@pe=\count112
\UL@pixel=\dimen134
\ULC@box=\box32
Package: ulem 2012/05/18
\ULdepth=\dimen135
)
(/usr/share/texlive/texmf-dist/tex/latex/hyperref/hyperref.sty
Package: hyperref 2012/11/06 v6.83m Hypertext links for LaTeX

(/usr/share/texlive/texmf-dist/tex/generic/oberdiek/hobsub-hyperref.sty
Package: hobsub-hyperref 2012/05/28 v1.13 Bundle oberdiek, subset hyperref (HO)


(/usr/share/texlive/texmf-dist/tex/generic/oberdiek/hobsub-generic.sty
Package: hobsub-generic 2012/05/28 v1.13 Bundle oberdiek, subset generic (HO)
Package: hobsub 2012/05/28 v1.13 Construct package bundles (HO)
Package hobsub Info: Skipping package `infwarerr' (already loaded).
Package hobsub Info: Skipping package `ltxcmds' (already loaded).
Package: ifluatex 2010/03/01 v1.3 Provides the ifluatex switch (HO)
Package ifluatex Info: LuaTeX not detected.
Package hobsub Info: Skipping package `ifvtex' (already loaded).
Package: intcalc 2007/09/27 v1.1 Expandable calculations with integers (HO)
Package hobsub Info: Skipping package `ifpdf' (already loaded).
Package: etexcmds 2011/02/16 v1.5 Avoid name clashes with e-TeX commands (HO)
Package etexcmds Info: Could not find \expanded.
(etexcmds)             That can mean that you are not using pdfTeX 1.50 or
(etexcmds)             that some package has redefined \expanded.
(etexcmds)             In the latter case, load this package earlier.
Package: kvsetkeys 2012/04/25 v1.16 Key value parser (HO)
Package: kvdefinekeys 2011/04/07 v1.3 Define keys (HO)
Package: pdftexcmds 2011/11/29 v0.20 Utility functions of pdfTeX for LuaTeX (HO
)
Package pdftexcmds Info: LuaTeX not detected.
Package pdftexcmds Info: \pdf@primitive is available.
Package pdftexcmds Info: \pdf@ifprimitive is available.
Package pdftexcmds Info: \pdfdraftmode found.
Package: pdfescape 2011/11/25 v1.13 Implements pdfTeX's escape features (HO)
Package: bigintcalc 2012/04/08 v1.3 Expandable calculations on big integers (HO
)
Package: bitset 2011/01/30 v1.1 Handle bit-vector datatype (HO)
Package: uniquecounter 2011/01/30 v1.2 Provide unlimited unique counter (HO)
)
Package hobsub Info: Skipping package `hobsub' (already loaded).
Package: letltxmacro 2010/09/02 v1.4 Let assignment for LaTeX macros (HO)
Package: hopatch 2012/05/28 v1.2 Wrapper for package hooks (HO)
Package: xcolor-patch 2011/01/30 xcolor patch
Package: atveryend 2011/06/30 v1.8 Hooks at the very end of document (HO)
Package atveryend Info: \enddocument detected (standard20110627).
Package: atbegshi 2011/10/05 v1.16 At begin shipout hook (HO)
Package: refcount 2011/10/16 v3.4 Data extraction from label references (HO)
Package: hycolor 2011/01/30 v1.7 Color options for hyperref/bookmark (HO)
)
(/usr/share/texlive/texmf-dist/tex/latex/oberdiek/auxhook.sty
Package: auxhook 2011/03/04 v1.3 Hooks for auxiliary files (HO)
)
(/usr/share/texlive/texmf-dist/tex/latex/oberdiek/kvoptions.sty
Package: kvoptions 2011/06/30 v3.11 Key value format for package options (HO)
)
\@linkdim=\dimen136
\Hy@linkcounter=\count113
\Hy@pagecounter=\count114

(/usr/share/texlive/texmf-dist/tex/latex/hyperref/pd1enc.def
File: pd1enc.def 2012/11/06 v6.83m Hyperref: PDFDocEncoding definition (HO)
Now handling font encoding PD1 ...
... no UTF-8 mapping file for font encoding PD1
)
\Hy@SavedSpaceFactor=\count115

(/usr/share/texlive/texmf-dist/tex/latex/latexconfig/hyperref.cfg
File: hyperref.cfg 2002/06/06 v1.2 hyperref configuration of TeXLive
)
Package hyperref Info: Hyper figures OFF on input line 4443.
Package hyperref Info: Link nesting OFF on input line 4448.
Package hyperref Info: Hyper index ON on input line 4451.
Package hyperref Info: Plain pages OFF on input line 4458.
Package hyperref Info: Backreferencing OFF on input line 4463.
Package hyperref Info: Implicit mode ON; LaTeX internals redefined.
Package hyperref Info: Bookmarks ON on input line 4688.
\c@Hy@tempcnt=\count116

(/usr/share/texlive/texmf-dist/tex/latex/url/url.sty
\Urlmuskip=\muskip11
Package: url 2013/09/16  ver 3.4  Verb mode for urls, etc.
)
LaTeX Info: Redefining \url on input line 5041.
\XeTeXLinkMargin=\dimen137
\Fld@menulength=\count117
\Field@Width=\dimen138
\Fld@charsize=\dimen139
Package hyperref Info: Hyper figures OFF on input line 6295.
Package hyperref Info: Link nesting OFF on input line 6300.
Package hyperref Info: Hyper index ON on input line 6303.
Package hyperref Info: backreferencing OFF on input line 6310.
Package hyperref Info: Link coloring OFF on input line 6315.
Package hyperref Info: Link coloring with OCG OFF on input line 6320.
Package hyperref Info: PDF/A mode OFF on input line 6325.
LaTeX Info: Redefining \ref on input line 6365.
LaTeX Info: Redefining \pageref on input line 6369.
\Hy@abspage=\count118
\c@Item=\count119
\c@Hfootnote=\count120
)

Package hyperref Message: Driver (autodetected): hpdftex.

(/usr/share/texlive/texmf-dist/tex/latex/hyperref/hpdftex.def
File: hpdftex.def 2012/11/06 v6.83m Hyperref driver for pdfTeX
\Fld@listcount=\count121
\c@bookmark@seq@number=\count122

(/usr/share/texlive/texmf-dist/tex/latex/oberdiek/rerunfilecheck.sty
Package: rerunfilecheck 2011/04/15 v1.7 Rerun checks for auxiliary files (HO)
Package uniquecounter Info: New unique counter `rerunfilecheck' on input line 2
82.
)
\Hy@SectionHShift=\skip52
)
Package hyperref Info: Option `colorlinks' set `true' on input line 30.

(/home/athul/machineLearning/neuralData/reports/drifting sine gratings/report.a
ux)
\openout1 = `report.aux'.

LaTeX Font Info:    Checking defaults for OML/cmm/m/it on input line 58.
LaTeX Font Info:    ... okay on input line 58.
LaTeX Font Info:    Checking defaults for T1/cmr/m/n on input line 58.
LaTeX Font Info:    ... okay on input line 58.
LaTeX Font Info:    Checking defaults for OT1/cmr/m/n on input line 58.
LaTeX Font Info:    ... okay on input line 58.
LaTeX Font Info:    Checking defaults for OMS/cmsy/m/n on input line 58.
LaTeX Font Info:    ... okay on input line 58.
LaTeX Font Info:    Checking defaults for OMX/cmex/m/n on input line 58.
LaTeX Font Info:    ... okay on input line 58.
LaTeX Font Info:    Checking defaults for U/cmr/m/n on input line 58.
LaTeX Font Info:    ... okay on input line 58.
LaTeX Font Info:    Checking defaults for PD1/pdf/m/n on input line 58.
LaTeX Font Info:    ... okay on input line 58.

*geometry* driver: auto-detecting
*geometry* detected driver: pdftex
*geometry* verbose mode - [ preamble ] result:
* driver: pdftex
* paper: a4paper
* layout: <same size as paper>
* layoutoffset:(h,v)=(0.0pt,0.0pt)
* modes: 
* h-part:(L,W,R)=(72.26999pt, 452.9679pt, 72.26999pt)
* v-part:(T,H,B)=(72.26999pt, 700.50687pt, 72.26999pt)
* \paperwidth=597.50787pt
* \paperheight=845.04684pt
* \textwidth=452.9679pt
* \textheight=700.50687pt
* \oddsidemargin=0.0pt
* \evensidemargin=0.0pt
* \topmargin=-37.0pt
* \headheight=12.0pt
* \headsep=25.0pt
* \topskip=11.0pt
* \footskip=30.0pt
* \marginparwidth=59.0pt
* \marginparsep=10.0pt
* \columnsep=10.0pt
* \skip\footins=10.0pt plus 4.0pt minus 2.0pt
* \hoffset=0.0pt
* \voffset=0.0pt
* \mag=1000
* \@twocolumnfalse
* \@twosidefalse
* \@mparswitchfalse
* \@reversemarginfalse
* (1in=72.27pt=25.4mm, 1cm=28.453pt)

(/usr/share/texlive/texmf-dist/tex/context/base/supp-pdf.mkii
[Loading MPS to PDF converter (version 2006.09.02).]
\scratchcounter=\count123
\scratchdimen=\dimen140
\scratchbox=\box33
\nofMPsegments=\count124
\nofMParguments=\count125
\everyMPshowfont=\toks28
\MPscratchCnt=\count126
\MPscratchDim=\dimen141
\MPnumerator=\count127
\makeMPintoPDFobject=\count128
\everyMPtoPDFconversion=\toks29
) (/usr/share/texlive/texmf-dist/tex/latex/oberdiek/epstopdf-base.sty
Package: epstopdf-base 2010/02/09 v2.5 Base part for package epstopdf

(/usr/share/texlive/texmf-dist/tex/latex/oberdiek/grfext.sty
Package: grfext 2010/08/19 v1.1 Manage graphics extensions (HO)
)
Package grfext Info: Graphics extension search list:
(grfext)             [.png,.pdf,.jpg,.mps,.jpeg,.jbig2,.jb2,.PNG,.PDF,.JPG,.JPE
G,.JBIG2,.JB2,.eps]
(grfext)             \AppendGraphicsExtensions on input line 452.

(/usr/share/texlive/texmf-dist/tex/latex/latexconfig/epstopdf-sys.cfg
File: epstopdf-sys.cfg 2010/07/13 v1.3 Configuration of (r)epstopdf for TeX Liv
e
))
Package caption Info: Begin \AtBeginDocument code.
Package caption Info: hyperref package is loaded.
Package caption Info: rotating package is loaded.
Package caption Info: wrapfig package is loaded.
Package caption Info: End \AtBeginDocument code.
\AtBeginShipoutBox=\box34
Package hyperref Info: Link coloring ON on input line 58.

(/usr/share/texlive/texmf-dist/tex/latex/hyperref/nameref.sty
Package: nameref 2012/10/27 v2.43 Cross-referencing by name of section

(/usr/share/texlive/texmf-dist/tex/generic/oberdiek/gettitlestring.sty
Package: gettitlestring 2010/12/03 v1.4 Cleanup title references (HO)
)
\c@section@level=\count129
)
LaTeX Info: Redefining \ref on input line 58.
LaTeX Info: Redefining \pageref on input line 58.
LaTeX Info: Redefining \nameref on input line 58.

(/home/athul/machineLearning/neuralData/reports/drifting sine gratings/report.o
ut)
(/home/athul/machineLearning/neuralData/reports/drifting sine gratings/report.o
ut)
\@outlinefile=\write3
\openout3 = `report.out'.


(/home/athul/machineLearning/neuralData/reports/drifting sine gratings/report.t
oc
LaTeX Font Info:    Try loading font information for U+msa on input line 2.
 (/usr/share/texlive/texmf-dist/tex/latex/amsfonts/umsa.fd
File: umsa.fd 2013/01/14 v3.01 AMS symbols A
)
LaTeX Font Info:    Try loading font information for U+msb on input line 2.

(/usr/share/texlive/texmf-dist/tex/latex/amsfonts/umsb.fd
File: umsb.fd 2013/01/14 v3.01 AMS symbols B
))
\tf@toc=\write4
\openout4 = `report.toc'.

 [1

{/var/lib/texmf/fonts/map/pdftex/updmap/pdftex.map}]
! Missing $ inserted.
<inserted text> 
                $
l.81 \textbf{RLCS}   \>
                        Rough Longest Common Subsequence \\
I've inserted a begin-math/end-math symbol since I think
you left one out. Proceed, with fingers crossed.

! Missing $ inserted.
<inserted text> 
                $
l.86 
     
I've inserted a begin-math/end-math symbol since I think
you left one out. Proceed, with fingers crossed.


Underfull \hbox (badness 10000) in paragraph at lines 81--86

 []

LaTeX Font Info:    Try loading font information for OMS+cmr on input line 94.
(/usr/share/texlive/texmf-dist/tex/latex/base/omscmr.fd
File: omscmr.fd 2014/09/29 v2.5h Standard LaTeX font definitions
)
LaTeX Font Info:    Font shape `OMS/cmr/m/n' in size <10.95> not available
(Font)              Font shape `OMS/cmsy/m/n' tried instead on input line 94.
 [2] [3]
Package epstopdf Info: Source file: <plots/max_osi.eps>
(epstopdf)                    date: 2016-02-04 20:22:24
(epstopdf)                    size: 8965 bytes
(epstopdf)             Output file: <plots/max_osi-eps-converted-to.pdf>
(epstopdf)                    date: 2016-02-04 20:22:24
(epstopdf)                    size: 7985 bytes
(epstopdf)             Command: <repstopdf --outfile=plots/max_osi-eps-converte
d-to.pdf plots/max_osi.eps>
(epstopdf)             \includegraphics on input line 178.
Package epstopdf Info: Output file is already uptodate.

<plots/max_osi-eps-converted-to.pdf, id=139, 449.68pt x 338.26375pt>
File: plots/max_osi-eps-converted-to.pdf Graphic file (type pdf)

<use plots/max_osi-eps-converted-to.pdf>
Package pdftex.def Info: plots/max_osi-eps-converted-to.pdf used on input line 
178.
(pdftex.def)             Requested size: 217.42265pt x 163.55188pt.

<plots/typical_response.png, id=140, 481.8pt x 367.3725pt>
File: plots/typical_response.png Graphic file (type png)

<use plots/typical_response.png>
Package pdftex.def Info: plots/typical_response.png used on input line 184.
(pdftex.def)             Requested size: 217.42265pt x 165.78136pt.
 [4]
Package epstopdf Info: Source file: <plots/max_cirvar_ori.eps>
(epstopdf)                    date: 2016-02-04 20:22:24
(epstopdf)                    size: 18992 bytes
(epstopdf)             Output file: <plots/max_cirvar_ori-eps-converted-to.pdf>

(epstopdf)                    date: 2016-02-04 20:22:24
(epstopdf)                    size: 17646 bytes
(epstopdf)             Command: <repstopdf --outfile=plots/max_cirvar_ori-eps-c
onverted-to.pdf plots/max_cirvar_ori.eps>
(epstopdf)             \includegraphics on input line 220.
Package epstopdf Info: Output file is already uptodate.

<plots/max_cirvar_ori-eps-converted-to.pdf, id=152, 449.68pt x 338.26375pt>
File: plots/max_cirvar_ori-eps-converted-to.pdf Graphic file (type pdf)

<use plots/max_cirvar_ori-eps-converted-to.pdf>
Package pdftex.def Info: plots/max_cirvar_ori-eps-converted-to.pdf used on inpu
t line 220.
(pdftex.def)             Requested size: 217.42265pt x 163.55188pt.
Package epstopdf Info: Source file: <plots/max_cirvar_dir.eps>
(epstopdf)                    date: 2016-02-04 20:22:24
(epstopdf)                    size: 18905 bytes
(epstopdf)             Output file: <plots/max_cirvar_dir-eps-converted-to.pdf>

(epstopdf)                    date: 2016-02-04 20:22:24
(epstopdf)                    size: 17958 bytes
(epstopdf)             Command: <repstopdf --outfile=plots/max_cirvar_dir-eps-c
onverted-to.pdf plots/max_cirvar_dir.eps>
(epstopdf)             \includegraphics on input line 226.
Package epstopdf Info: Output file is already uptodate.

<plots/max_cirvar_dir-eps-converted-to.pdf, id=153, 449.68pt x 338.26375pt>
File: plots/max_cirvar_dir-eps-converted-to.pdf Graphic file (type pdf)

<use plots/max_cirvar_dir-eps-converted-to.pdf>
Package pdftex.def Info: plots/max_cirvar_dir-eps-converted-to.pdf used on inpu
t line 226.
(pdftex.def)             Requested size: 217.42265pt x 163.55188pt.
Package epstopdf Info: Source file: <plots/max_dircirvar_ori.eps>
(epstopdf)                    date: 2016-02-04 20:22:24
(epstopdf)                    size: 18986 bytes
(epstopdf)             Output file: <plots/max_dircirvar_ori-eps-converted-to.p
df>
(epstopdf)                    date: 2016-02-04 20:22:24
(epstopdf)                    size: 17577 bytes
(epstopdf)             Command: <repstopdf --outfile=plots/max_dircirvar_ori-ep
s-converted-to.pdf plots/max_dircirvar_ori.eps>
(epstopdf)             \includegraphics on input line 238.
Package epstopdf Info: Output file is already uptodate.

<plots/max_dircirvar_ori-eps-converted-to.pdf, id=155, 449.68pt x 338.26375pt>
File: plots/max_dircirvar_ori-eps-converted-to.pdf Graphic file (type pdf)

<use plots/max_dircirvar_ori-eps-converted-to.pdf>
Package pdftex.def Info: plots/max_dircirvar_ori-eps-converted-to.pdf used on i
nput line 238.
(pdftex.def)             Requested size: 217.42265pt x 163.55188pt.
Package epstopdf Info: Source file: <plots/max_dircirvar_dir.eps>
(epstopdf)                    date: 2016-02-04 20:22:24
(epstopdf)                    size: 18916 bytes
(epstopdf)             Output file: <plots/max_dircirvar_dir-eps-converted-to.p
df>
(epstopdf)                    date: 2016-02-04 20:22:24
(epstopdf)                    size: 17983 bytes
(epstopdf)             Command: <repstopdf --outfile=plots/max_dircirvar_dir-ep
s-converted-to.pdf plots/max_dircirvar_dir.eps>
(epstopdf)             \includegraphics on input line 244.
Package epstopdf Info: Output file is already uptodate.

<plots/max_dircirvar_dir-eps-converted-to.pdf, id=156, 449.68pt x 338.26375pt>
File: plots/max_dircirvar_dir-eps-converted-to.pdf Graphic file (type pdf)

<use plots/max_dircirvar_dir-eps-converted-to.pdf>
Package pdftex.def Info: plots/max_dircirvar_dir-eps-converted-to.pdf used on i
nput line 244.
(pdftex.def)             Requested size: 217.42265pt x 163.55188pt.
Package epstopdf Info: Source file: <plots/min_cirvar_ori.eps>
(epstopdf)                    date: 2016-02-04 20:22:24
(epstopdf)                    size: 19058 bytes
(epstopdf)             Output file: <plots/min_cirvar_ori-eps-converted-to.pdf>

(epstopdf)                    date: 2016-02-04 20:22:24
(epstopdf)                    size: 18081 bytes
(epstopdf)             Command: <repstopdf --outfile=plots/min_cirvar_ori-eps-c
onverted-to.pdf plots/min_cirvar_ori.eps>
(epstopdf)             \includegraphics on input line 256.
Package epstopdf Info: Output file is already uptodate.

<plots/min_cirvar_ori-eps-converted-to.pdf, id=158, 442.65375pt x 337.26pt>
File: plots/min_cirvar_ori-eps-converted-to.pdf Graphic file (type pdf)

<use plots/min_cirvar_ori-eps-converted-to.pdf>
Package pdftex.def Info: plots/min_cirvar_ori-eps-converted-to.pdf used on inpu
t line 256.
(pdftex.def)             Requested size: 217.42265pt x 165.65509pt.
Package epstopdf Info: Source file: <plots/min_cirvar_dir.eps>
(epstopdf)                    date: 2016-02-04 20:22:24
(epstopdf)                    size: 18996 bytes
(epstopdf)             Output file: <plots/min_cirvar_dir-eps-converted-to.pdf>

(epstopdf)                    date: 2016-02-04 20:22:24
(epstopdf)                    size: 18377 bytes
(epstopdf)             Command: <repstopdf --outfile=plots/min_cirvar_dir-eps-c
onverted-to.pdf plots/min_cirvar_dir.eps>
(epstopdf)             \includegraphics on input line 262.
Package epstopdf Info: Output file is already uptodate.

<plots/min_cirvar_dir-eps-converted-to.pdf, id=159, 449.68pt x 338.26375pt>
File: plots/min_cirvar_dir-eps-converted-to.pdf Graphic file (type pdf)

<use plots/min_cirvar_dir-eps-converted-to.pdf>
Package pdftex.def Info: plots/min_cirvar_dir-eps-converted-to.pdf used on inpu
t line 262.
(pdftex.def)             Requested size: 217.42265pt x 163.55188pt.
 [5 </home/athul/machineLearning/neuralData/reports/drifting sine gratings/plot
s/max_osi-eps-converted-to.pdf> </home/athul/machineLearning/neuralData/reports
/drifting sine gratings/plots/typical_response.png>] [6 </home/athul/machineLea
rning/neuralData/reports/drifting sine gratings/plots/max_cirvar_ori-eps-conver
ted-to.pdf> </home/athul/machineLearning/neuralData/reports/drifting sine grati
ngs/plots/max_cirvar_dir-eps-converted-to.pdf> </home/athul/machineLearning/neu
ralData/reports/drifting sine gratings/plots/max_dircirvar_ori-eps-converted-to
.pdf> </home/athul/machineLearning/neuralData/reports/drifting sine gratings/pl
ots/max_dircirvar_dir-eps-converted-to.pdf>] <plots/gauss.png, id=204, 542.025p
t x 174.6525pt>
File: plots/gauss.png Graphic file (type png)

<use plots/gauss.png>
Package pdftex.def Info: plots/gauss.png used on input line 295.
(pdftex.def)             Requested size: 217.42265pt x 70.05696pt.

<plots/double_gauss.png, id=205, 565.11125pt x 242.9075pt>
File: plots/double_gauss.png Graphic file (type png)

<use plots/double_gauss.png>
Package pdftex.def Info: plots/double_gauss.png used on input line 301.
(pdftex.def)             Requested size: 217.42265pt x 93.4548pt.
 [7 </home/athul/machineLearning/neuralData/reports/drifting sine gratings/plot
s/min_cirvar_ori-eps-converted-to.pdf> </home/athul/machineLearning/neuralData/
reports/drifting sine gratings/plots/min_cirvar_dir-eps-converted-to.pdf>]
Underfull \hbox (badness 10000) in paragraph at lines 312--314

 []

Package epstopdf Info: Source file: <plots/fit_complex1.eps>
(epstopdf)                    date: 2016-02-04 20:22:24
(epstopdf)                    size: 58683 bytes
(epstopdf)             Output file: <plots/fit_complex1-eps-converted-to.pdf>
(epstopdf)                    date: 2016-02-04 20:22:24
(epstopdf)                    size: 25155 bytes
(epstopdf)             Command: <repstopdf --outfile=plots/fit_complex1-eps-con
verted-to.pdf plots/fit_complex1.eps>
(epstopdf)             \includegraphics on input line 329.
Package epstopdf Info: Output file is already uptodate.
<plots/fit_complex1-eps-converted-to.pdf, id=223, 587.19376pt x 442.65375pt>
File: plots/fit_complex1-eps-converted-to.pdf Graphic file (type pdf)

<use plots/fit_complex1-eps-converted-to.pdf>
Package pdftex.def Info: plots/fit_complex1-eps-converted-to.pdf used on input 
line 329.
(pdftex.def)             Requested size: 217.42265pt x 163.9009pt.
Package epstopdf Info: Source file: <plots/fit_complex2.eps>
(epstopdf)                    date: 2016-02-04 20:22:24
(epstopdf)                    size: 55445 bytes
(epstopdf)             Output file: <plots/fit_complex2-eps-converted-to.pdf>
(epstopdf)                    date: 2016-02-04 20:22:24
(epstopdf)                    size: 24428 bytes
(epstopdf)             Command: <repstopdf --outfile=plots/fit_complex2-eps-con
verted-to.pdf plots/fit_complex2.eps>
(epstopdf)             \includegraphics on input line 333.
Package epstopdf Info: Output file is already uptodate.

<plots/fit_complex2-eps-converted-to.pdf, id=224, 587.19376pt x 406.51875pt>
File: plots/fit_complex2-eps-converted-to.pdf Graphic file (type pdf)

<use plots/fit_complex2-eps-converted-to.pdf>
Package pdftex.def Info: plots/fit_complex2-eps-converted-to.pdf used on input 
line 333.
(pdftex.def)             Requested size: 217.42265pt x 150.52122pt.
Package epstopdf Info: Source file: <plots/fit_complex3.eps>
(epstopdf)                    date: 2016-02-04 20:22:24
(epstopdf)                    size: 56688 bytes
(epstopdf)             Output file: <plots/fit_complex3-eps-converted-to.pdf>
(epstopdf)                    date: 2016-02-04 20:22:24
(epstopdf)                    size: 24929 bytes
(epstopdf)             Command: <repstopdf --outfile=plots/fit_complex3-eps-con
verted-to.pdf plots/fit_complex3.eps>
(epstopdf)             \includegraphics on input line 338.
Package epstopdf Info: Output file is already uptodate.

<plots/fit_complex3-eps-converted-to.pdf, id=225, 587.19376pt x 406.51875pt>
File: plots/fit_complex3-eps-converted-to.pdf Graphic file (type pdf)

<use plots/fit_complex3-eps-converted-to.pdf>
Package pdftex.def Info: plots/fit_complex3-eps-converted-to.pdf used on input 
line 338.
(pdftex.def)             Requested size: 217.42265pt x 150.52122pt.
Package epstopdf Info: Source file: <plots/fit_complex4.eps>
(epstopdf)                    date: 2016-02-04 20:22:24
(epstopdf)                    size: 54472 bytes
(epstopdf)             Output file: <plots/fit_complex4-eps-converted-to.pdf>
(epstopdf)                    date: 2016-02-04 20:22:24
(epstopdf)                    size: 24831 bytes
(epstopdf)             Command: <repstopdf --outfile=plots/fit_complex4-eps-con
verted-to.pdf plots/fit_complex4.eps>
(epstopdf)             \includegraphics on input line 342.
Package epstopdf Info: Output file is already uptodate.

<plots/fit_complex4-eps-converted-to.pdf, id=226, 587.19376pt x 406.51875pt>
File: plots/fit_complex4-eps-converted-to.pdf Graphic file (type pdf)

<use plots/fit_complex4-eps-converted-to.pdf>
Package pdftex.def Info: plots/fit_complex4-eps-converted-to.pdf used on input 
line 342.
(pdftex.def)             Requested size: 217.42265pt x 150.52122pt.
Package epstopdf Info: Source file: <plots/fit_unsel1.eps>
(epstopdf)                    date: 2016-02-04 20:22:24
(epstopdf)                    size: 55880 bytes
(epstopdf)             Output file: <plots/fit_unsel1-eps-converted-to.pdf>
(epstopdf)                    date: 2016-02-04 20:22:24
(epstopdf)                    size: 24858 bytes
(epstopdf)             Command: <repstopdf --outfile=plots/fit_unsel1-eps-conve
rted-to.pdf plots/fit_unsel1.eps>
(epstopdf)             \includegraphics on input line 352.
Package epstopdf Info: Output file is already uptodate.

<plots/fit_unsel1-eps-converted-to.pdf, id=228, 587.19376pt x 406.51875pt>
File: plots/fit_unsel1-eps-converted-to.pdf Graphic file (type pdf)

<use plots/fit_unsel1-eps-converted-to.pdf>
Package pdftex.def Info: plots/fit_unsel1-eps-converted-to.pdf used on input li
ne 352.
(pdftex.def)             Requested size: 217.42265pt x 150.52122pt.
Package epstopdf Info: Source file: <plots/fit_unsel2.eps>
(epstopdf)                    date: 2016-02-04 20:22:24
(epstopdf)                    size: 55442 bytes
(epstopdf)             Output file: <plots/fit_unsel2-eps-converted-to.pdf>
(epstopdf)                    date: 2016-02-04 20:22:24
(epstopdf)                    size: 24687 bytes
(epstopdf)             Command: <repstopdf --outfile=plots/fit_unsel2-eps-conve
rted-to.pdf plots/fit_unsel2.eps>
(epstopdf)             \includegraphics on input line 356.
Package epstopdf Info: Output file is already uptodate.

<plots/fit_unsel2-eps-converted-to.pdf, id=229, 587.19376pt x 406.51875pt>
File: plots/fit_unsel2-eps-converted-to.pdf Graphic file (type pdf)

<use plots/fit_unsel2-eps-converted-to.pdf>
Package pdftex.def Info: plots/fit_unsel2-eps-converted-to.pdf used on input li
ne 356.
(pdftex.def)             Requested size: 217.42265pt x 150.52122pt.
Package epstopdf Info: Source file: <plots/fit_unsel3.eps>
(epstopdf)                    date: 2016-02-04 20:22:24
(epstopdf)                    size: 56397 bytes
(epstopdf)             Output file: <plots/fit_unsel3-eps-converted-to.pdf>
(epstopdf)                    date: 2016-02-04 20:22:24
(epstopdf)                    size: 24970 bytes
(epstopdf)             Command: <repstopdf --outfile=plots/fit_unsel3-eps-conve
rted-to.pdf plots/fit_unsel3.eps>
(epstopdf)             \includegraphics on input line 361.
Package epstopdf Info: Output file is already uptodate.

<plots/fit_unsel3-eps-converted-to.pdf, id=230, 587.19376pt x 406.51875pt>
File: plots/fit_unsel3-eps-converted-to.pdf Graphic file (type pdf)

<use plots/fit_unsel3-eps-converted-to.pdf>
Package pdftex.def Info: plots/fit_unsel3-eps-converted-to.pdf used on input li
ne 361.
(pdftex.def)             Requested size: 217.42265pt x 150.52122pt.
Package epstopdf Info: Source file: <plots/fit_unsel4.eps>
(epstopdf)                    date: 2016-02-04 20:22:24
(epstopdf)                    size: 51134 bytes
(epstopdf)             Output file: <plots/fit_unsel4-eps-converted-to.pdf>
(epstopdf)                    date: 2016-02-04 20:22:24
(epstopdf)                    size: 23403 bytes
(epstopdf)             Command: <repstopdf --outfile=plots/fit_unsel4-eps-conve
rted-to.pdf plots/fit_unsel4.eps>
(epstopdf)             \includegraphics on input line 365.
Package epstopdf Info: Output file is already uptodate.

<plots/fit_unsel4-eps-converted-to.pdf, id=231, 587.19376pt x 406.51875pt>
File: plots/fit_unsel4-eps-converted-to.pdf Graphic file (type pdf)

<use plots/fit_unsel4-eps-converted-to.pdf>
Package pdftex.def Info: plots/fit_unsel4-eps-converted-to.pdf used on input li
ne 365.
(pdftex.def)             Requested size: 217.42265pt x 150.52122pt.
 [8 </home/athul/machineLearning/neuralData/reports/drifting sine gratings/plot
s/gauss.png> </home/athul/machineLearning/neuralData/reports/drifting sine grat
ings/plots/double_gauss.png>]
[9 </home/athul/machineLearning/neuralData/reports/drifting sine gratings/plots
/fit_complex1-eps-converted-to.pdf> </home/athul/machineLearning/neuralData/rep
orts/drifting sine gratings/plots/fit_complex2-eps-converted-to.pdf> </home/ath
ul/machineLearning/neuralData/reports/drifting sine gratings/plots/fit_complex3
-eps-converted-to.pdf> </home/athul/machineLearning/neuralData/reports/drifting
 sine gratings/plots/fit_complex4-eps-converted-to.pdf> </home/athul/machineLea
rning/neuralData/reports/drifting sine gratings/plots/fit_unsel1-eps-converted-
to.pdf> </home/athul/machineLearning/neuralData/reports/drifting sine gratings/
plots/fit_unsel2-eps-converted-to.pdf> </home/athul/machineLearning/neuralData/
reports/drifting sine gratings/plots/fit_unsel3-eps-converted-to.pdf> </home/at
hul/machineLearning/neuralData/reports/drifting sine gratings/plots/fit_unsel4-
eps-converted-to.pdf>]
Package epstopdf Info: Source file: <plots/tuningCorr_desc_civar.eps>
(epstopdf)                    date: 2016-02-04 20:22:24
(epstopdf)                    size: 933486 bytes
(epstopdf)             Output file: <plots/tuningCorr_desc_civar-eps-converted-
to.pdf>
(epstopdf)                    date: 2016-02-04 20:22:24
(epstopdf)                    size: 42837 bytes
(epstopdf)             Command: <repstopdf --outfile=plots/tuningCorr_desc_civa
r-eps-converted-to.pdf plots/tuningCorr_desc_civar.eps>
(epstopdf)             \includegraphics on input line 438.
Package epstopdf Info: Output file is already uptodate.

<plots/tuningCorr_desc_civar-eps-converted-to.pdf, id=602, 587.19376pt x 442.65
375pt>
File: plots/tuningCorr_desc_civar-eps-converted-to.pdf Graphic file (type pdf)
 <use plots/tuningCorr_desc_civar-eps-converted-to.pdf>
Package pdftex.def Info: plots/tuningCorr_desc_civar-eps-converted-to.pdf used 
on input line 438.
(pdftex.def)             Requested size: 217.42265pt x 163.9009pt.
Package epstopdf Info: Source file: <plots/tuningCorr_desc_civar_m2.eps>
(epstopdf)                    date: 2016-02-04 20:22:24
(epstopdf)                    size: 695201 bytes
(epstopdf)             Output file: <plots/tuningCorr_desc_civar_m2-eps-convert
ed-to.pdf>
(epstopdf)                    date: 2016-02-04 20:22:24
(epstopdf)                    size: 35918 bytes
(epstopdf)             Command: <repstopdf --outfile=plots/tuningCorr_desc_civa
r_m2-eps-converted-to.pdf plots/tuningCorr_desc_civar_m2.eps>
(epstopdf)             \includegraphics on input line 442.
Package epstopdf Info: Output file is already uptodate.

<plots/tuningCorr_desc_civar_m2-eps-converted-to.pdf, id=603, 587.19376pt x 442
.65375pt>
File: plots/tuningCorr_desc_civar_m2-eps-converted-to.pdf Graphic file (type pd
f)
 <use plots/tuningCorr_desc_civar_m2-eps-converted-to.pdf>
Package pdftex.def Info: plots/tuningCorr_desc_civar_m2-eps-converted-to.pdf us
ed on input line 442.
(pdftex.def)             Requested size: 217.42265pt x 163.9009pt.
Package epstopdf Info: Source file: <plots/tuningCorr_desc_civar_m3.eps>
(epstopdf)                    date: 2016-02-04 20:22:24
(epstopdf)                    size: 647609 bytes
(epstopdf)             Output file: <plots/tuningCorr_desc_civar_m3-eps-convert
ed-to.pdf>
(epstopdf)                    date: 2016-02-04 20:22:24
(epstopdf)                    size: 33518 bytes
(epstopdf)             Command: <repstopdf --outfile=plots/tuningCorr_desc_civa
r_m3-eps-converted-to.pdf plots/tuningCorr_desc_civar_m3.eps>
(epstopdf)             \includegraphics on input line 447.
Package epstopdf Info: Output file is already uptodate.

<plots/tuningCorr_desc_civar_m3-eps-converted-to.pdf, id=604, 587.19376pt x 442
.65375pt>
File: plots/tuningCorr_desc_civar_m3-eps-converted-to.pdf Graphic file (type pd
f)
 <use plots/tuningCorr_desc_civar_m3-eps-converted-to.pdf>
Package pdftex.def Info: plots/tuningCorr_desc_civar_m3-eps-converted-to.pdf us
ed on input line 447.
(pdftex.def)             Requested size: 217.42265pt x 163.9009pt.
Package epstopdf Info: Source file: <plots/tuningCorr_desc_civar_m4.eps>
(epstopdf)                    date: 2016-02-04 20:22:24
(epstopdf)                    size: 647609 bytes
(epstopdf)             Output file: <plots/tuningCorr_desc_civar_m4-eps-convert
ed-to.pdf>
(epstopdf)                    date: 2016-02-04 20:22:24
(epstopdf)                    size: 34316 bytes
(epstopdf)             Command: <repstopdf --outfile=plots/tuningCorr_desc_civa
r_m4-eps-converted-to.pdf plots/tuningCorr_desc_civar_m4.eps>
(epstopdf)             \includegraphics on input line 451.
Package epstopdf Info: Output file is already uptodate.

<plots/tuningCorr_desc_civar_m4-eps-converted-to.pdf, id=605, 587.19376pt x 442
.65375pt>
File: plots/tuningCorr_desc_civar_m4-eps-converted-to.pdf Graphic file (type pd
f)
 <use plots/tuningCorr_desc_civar_m4-eps-converted-to.pdf>
Package pdftex.def Info: plots/tuningCorr_desc_civar_m4-eps-converted-to.pdf us
ed on input line 451.
(pdftex.def)             Requested size: 217.42265pt x 163.9009pt.
Package epstopdf Info: Source file: <plots/tuningCorr_desc_civar_thres.eps>
(epstopdf)                    date: 2016-02-04 20:22:24
(epstopdf)                    size: 936206 bytes
(epstopdf)             Output file: <plots/tuningCorr_desc_civar_thres-eps-conv
erted-to.pdf>
(epstopdf)                    date: 2016-02-04 20:22:24
(epstopdf)                    size: 30818 bytes
(epstopdf)             Command: <repstopdf --outfile=plots/tuningCorr_desc_civa
r_thres-eps-converted-to.pdf plots/tuningCorr_desc_civar_thres.eps>
(epstopdf)             \includegraphics on input line 460.
Package epstopdf Info: Output file is already uptodate.

<plots/tuningCorr_desc_civar_thres-eps-converted-to.pdf, id=606, 587.19376pt x 
442.65375pt>
File: plots/tuningCorr_desc_civar_thres-eps-converted-to.pdf Graphic file (type
 pdf)
 <use plots/tuningCorr_desc_civar_thres-eps-converted-to.pdf>
Package pdftex.def Info: plots/tuningCorr_desc_civar_thres-eps-converted-to.pdf
 used on input line 460.
(pdftex.def)             Requested size: 217.42265pt x 163.9009pt.
Package epstopdf Info: Source file: <plots/tuningCorr_desc_civar_thres_m2.eps>
(epstopdf)                    date: 2016-02-04 20:22:24
(epstopdf)                    size: 698856 bytes
(epstopdf)             Output file: <plots/tuningCorr_desc_civar_thres_m2-eps-c
onverted-to.pdf>
(epstopdf)                    date: 2016-02-04 20:22:24
(epstopdf)                    size: 27943 bytes
(epstopdf)             Command: <repstopdf --outfile=plots/tuningCorr_desc_civa
r_thres_m2-eps-converted-to.pdf plots/tuningCorr_desc_civar_thres_m2.eps>
(epstopdf)             \includegraphics on input line 464.
Package epstopdf Info: Output file is already uptodate.

<plots/tuningCorr_desc_civar_thres_m2-eps-converted-to.pdf, id=607, 587.19376pt
 x 442.65375pt>
File: plots/tuningCorr_desc_civar_thres_m2-eps-converted-to.pdf Graphic file (t
ype pdf)

<use plots/tuningCorr_desc_civar_thres_m2-eps-converted-to.pdf>
Package pdftex.def Info: plots/tuningCorr_desc_civar_thres_m2-eps-converted-to.
pdf used on input line 464.
(pdftex.def)             Requested size: 217.42265pt x 163.9009pt.
Package epstopdf Info: Source file: <plots/tuningCorr_desc_civar_thres_m3.eps>
(epstopdf)                    date: 2016-02-04 20:22:24
(epstopdf)                    size: 651264 bytes
(epstopdf)             Output file: <plots/tuningCorr_desc_civar_thres_m3-eps-c
onverted-to.pdf>
(epstopdf)                    date: 2016-02-04 20:22:24
(epstopdf)                    size: 26915 bytes
(epstopdf)             Command: <repstopdf --outfile=plots/tuningCorr_desc_civa
r_thres_m3-eps-converted-to.pdf plots/tuningCorr_desc_civar_thres_m3.eps>
(epstopdf)             \includegraphics on input line 469.
Package epstopdf Info: Output file is already uptodate.

<plots/tuningCorr_desc_civar_thres_m3-eps-converted-to.pdf, id=608, 587.19376pt
 x 442.65375pt>
File: plots/tuningCorr_desc_civar_thres_m3-eps-converted-to.pdf Graphic file (t
ype pdf)

<use plots/tuningCorr_desc_civar_thres_m3-eps-converted-to.pdf>
Package pdftex.def Info: plots/tuningCorr_desc_civar_thres_m3-eps-converted-to.
pdf used on input line 469.
(pdftex.def)             Requested size: 217.42265pt x 163.9009pt.
Package epstopdf Info: Source file: <plots/tuningCorr_desc_civar_thres_m4.eps>
(epstopdf)                    date: 2016-02-04 20:22:24
(epstopdf)                    size: 650367 bytes
(epstopdf)             Output file: <plots/tuningCorr_desc_civar_thres_m4-eps-c
onverted-to.pdf>
(epstopdf)                    date: 2016-02-04 20:22:24
(epstopdf)                    size: 26047 bytes
(epstopdf)             Command: <repstopdf --outfile=plots/tuningCorr_desc_civa
r_thres_m4-eps-converted-to.pdf plots/tuningCorr_desc_civar_thres_m4.eps>
(epstopdf)             \includegraphics on input line 473.
Package epstopdf Info: Output file is already uptodate.

<plots/tuningCorr_desc_civar_thres_m4-eps-converted-to.pdf, id=609, 587.19376pt
 x 442.65375pt>
File: plots/tuningCorr_desc_civar_thres_m4-eps-converted-to.pdf Graphic file (t
ype pdf)

<use plots/tuningCorr_desc_civar_thres_m4-eps-converted-to.pdf>
Package pdftex.def Info: plots/tuningCorr_desc_civar_thres_m4-eps-converted-to.
pdf used on input line 473.
(pdftex.def)             Requested size: 217.42265pt x 163.9009pt.
Package epstopdf Info: Source file: <plots/corrTuned.eps>
(epstopdf)                    date: 2016-02-04 20:22:24
(epstopdf)                    size: 41073 bytes
(epstopdf)             Output file: <plots/corrTuned-eps-converted-to.pdf>
(epstopdf)                    date: 2016-02-04 20:22:24
(epstopdf)                    size: 21214 bytes
(epstopdf)             Command: <repstopdf --outfile=plots/corrTuned-eps-conver
ted-to.pdf plots/corrTuned.eps>
(epstopdf)             \includegraphics on input line 482.
Package epstopdf Info: Output file is already uptodate.

<plots/corrTuned-eps-converted-to.pdf, id=610, 587.19376pt x 442.65375pt>
File: plots/corrTuned-eps-converted-to.pdf Graphic file (type pdf)

<use plots/corrTuned-eps-converted-to.pdf>
Package pdftex.def Info: plots/corrTuned-eps-converted-to.pdf used on input lin
e 482.
(pdftex.def)             Requested size: 362.37569pt x 273.17265pt.
 [10]

LaTeX Warning: `h' float specifier changed to `ht'.

[11 </home/athul/machineLearning/neuralData/reports/drifting sine gratings/plot
s/tuningCorr_desc_civar-eps-converted-to.pdf> </home/athul/machineLearning/neur
alData/reports/drifting sine gratings/plots/tuningCorr_desc_civar_m2-eps-conver
ted-to.pdf> </home/athul/machineLearning/neuralData/reports/drifting sine grati
ngs/plots/tuningCorr_desc_civar_m3-eps-converted-to.pdf> </home/athul/machineLe
arning/neuralData/reports/drifting sine gratings/plots/tuningCorr_desc_civar_m4
-eps-converted-to.pdf>] [12 </home/athul/machineLearning/neuralData/reports/dri
fting sine gratings/plots/tuningCorr_desc_civar_thres-eps-converted-to.pdf> </h
ome/athul/machineLearning/neuralData/reports/drifting sine gratings/plots/tunin
gCorr_desc_civar_thres_m2-eps-converted-to.pdf> </home/athul/machineLearning/ne
uralData/reports/drifting sine gratings/plots/tuningCorr_desc_civar_thres_m3-ep
s-converted-to.pdf> </home/athul/machineLearning/neuralData/reports/drifting si
ne gratings/plots/tuningCorr_desc_civar_thres_m4-eps-converted-to.pdf>]
No file report.bbl.
Package atveryend Info: Empty hook `BeforeClearDocument' on input line 492.
[13 </home/athul/machineLearning/neuralData/reports/drifting sine gratings/plot
s/corrTuned-eps-converted-to.pdf>]
Package atveryend Info: Empty hook `AfterLastShipout' on input line 492.

(/home/athul/machineLearning/neuralData/reports/drifting sine gratings/report.a
ux)
Package atveryend Info: Executing hook `AtVeryEndDocument' on input line 492.
Package atveryend Info: Executing hook `AtEndAfterFileList' on input line 492.
Package rerunfilecheck Info: File `report.out' has not changed.
(rerunfilecheck)             Checksum: 2F67A033799B615BF7179F578556D6C6;1492.


LaTeX Warning: Label(s) may have changed. Rerun to get cross-references right.

Package atveryend Info: Empty hook `AtVeryVeryEnd' on input line 492.
 ) 
Here is how much of TeX's memory you used:
 8882 strings out of 495000
 133072 string characters out of 6181170
 228345 words of memory out of 5000000
 11871 multiletter control sequences out of 15000+600000
 12374 words of font info for 46 fonts, out of 8000000 for 9000
 14 hyphenation exceptions out of 8191
 42i,13n,40p,692b,570s stack positions out of 5000i,500n,10000p,200000b,80000s
</usr/share/texlive/texmf-dist/fonts/type1/public/amsfonts/cm/cmbx10.pfb></us
r/share/texlive/texmf-dist/fonts/type1/public/amsfonts/cm/cmbx12.pfb></usr/shar
e/texlive/texmf-dist/fonts/type1/public/amsfonts/cm/cmex10.pfb></usr/share/texl
ive/texmf-dist/fonts/type1/public/amsfonts/cm/cmmi10.pfb></usr/share/texlive/te
xmf-dist/fonts/type1/public/amsfonts/cm/cmmi8.pfb></usr/share/texlive/texmf-dis
t/fonts/type1/public/amsfonts/cm/cmr10.pfb></usr/share/texlive/texmf-dist/fonts
/type1/public/amsfonts/cm/cmr8.pfb></usr/share/texlive/texmf-dist/fonts/type1/p
ublic/amsfonts/cm/cmsy10.pfb>
Output written on "/home/athul/machineLearning/neuralData/reports/drifting sine
 gratings/report.pdf" (13 pages, 710336 bytes).
PDF statistics:
 931 PDF objects out of 1000 (max. 8388607)
 346 compressed objects within 4 object streams
 70 named destinations out of 1000 (max. 500000)
 296 words of extra memory for PDF output out of 10000 (max. 10000000)

